2025-03-31 10:30:29 | INFO | 日志系统初始化完成
2025-03-31 10:30:32 | SUCCESS | UI系统初始化完成
2025-03-31 10:30:32 | DEBUG | 生成6棵树: [(1, 2), (1, 0), (3, 1), (2, 4), (4, 4), (0, 4)]
2025-03-31 10:30:32 | WARNING | 未找到有效解，重新生成
2025-03-31 10:30:32 | DEBUG | 生成6棵树: [(2, 1), (4, 0), (3, 3), (0, 0), (0, 4), (0, 2)]
2025-03-31 10:30:32 | WARNING | 未找到有效解，重新生成
2025-03-31 10:30:32 | DEBUG | 生成6棵树: [(2, 2), (1, 0), (4, 0), (4, 3), (2, 4), (0, 3)]
2025-03-31 10:30:32 | WARNING | 未找到有效解，重新生成
2025-03-31 10:30:32 | DEBUG | 生成5棵树: [(4, 4), (3, 1), (1, 4), (1, 2), (1, 0)]
2025-03-31 10:30:32 | WARNING | 未找到有效解，重新生成
2025-03-31 10:30:32 | DEBUG | 生成6棵树: [(0, 3), (4, 2), (1, 1), (2, 3), (3, 0), (4, 4)]
2025-03-31 10:30:32 | WARNING | 未找到有效解，重新生成
2025-03-31 10:30:32 | DEBUG | 生成7棵树: [(0, 2), (2, 1), (2, 3), (4, 3), (0, 4), (4, 1), (0, 0)]
2025-03-31 10:30:32 | WARNING | 未找到有效解，重新生成
2025-03-31 10:30:32 | DEBUG | 生成7棵树: [(2, 3), (2, 0), (0, 2), (4, 0), (4, 2), (0, 4), (0, 0)]
2025-03-31 10:30:32 | WARNING | 未找到有效解，重新生成
2025-03-31 10:30:32 | DEBUG | 生成7棵树: [(3, 0), (0, 3), (1, 0), (2, 2), (4, 4), (4, 2), (2, 4)]
2025-03-31 10:30:32 | WARNING | 未找到有效解，重新生成
2025-03-31 10:30:32 | DEBUG | 生成6棵树: [(4, 1), (1, 2), (3, 4), (1, 4), (0, 0), (2, 0)]
2025-03-31 10:30:32 | WARNING | 未找到有效解，重新生成
2025-03-31 10:30:32 | DEBUG | 生成7棵树: [(0, 4), (3, 4), (4, 2), (2, 1), (0, 0), (0, 2), (4, 0)]
2025-03-31 10:30:32 | WARNING | 未找到有效解，重新生成
2025-03-31 10:30:32 | DEBUG | 生成5棵树: [(1, 3), (3, 3), (0, 1), (4, 1), (2, 1)]
2025-03-31 10:30:32 | WARNING | 未找到有效解，重新生成
2025-03-31 10:30:32 | DEBUG | 生成7棵树: [(2, 1), (2, 4), (0, 4), (0, 1), (4, 4), (4, 0), (4, 2)]
2025-03-31 10:30:32 | WARNING | 未找到有效解，重新生成
2025-03-31 10:30:32 | DEBUG | 生成7棵树: [(0, 3), (3, 2), (2, 0), (4, 4), (2, 4), (0, 1), (4, 0)]
2025-03-31 10:30:32 | WARNING | 未找到有效解，重新生成
2025-03-31 10:30:32 | DEBUG | 生成7棵树: [(1, 0), (4, 0), (2, 4), (4, 2), (0, 4), (1, 2), (4, 4)]
2025-03-31 10:30:32 | WARNING | 未找到有效解，重新生成
2025-03-31 10:30:32 | DEBUG | 生成6棵树: [(2, 4), (2, 1), (0, 3), (0, 0), (4, 3), (4, 0)]
2025-03-31 10:30:32 | WARNING | 未找到有效解，重新生成
2025-03-31 10:30:32 | DEBUG | 生成5棵树: [(2, 1), (3, 3), (0, 3), (0, 1), (4, 0)]
2025-03-31 10:30:32 | WARNING | 未找到有效解，重新生成
2025-03-31 10:30:32 | DEBUG | 生成5棵树: [(3, 2), (0, 1), (3, 0), (0, 3), (3, 4)]
2025-03-31 10:30:32 | WARNING | 未找到有效解，重新生成
2025-03-31 10:30:32 | DEBUG | 生成5棵树: [(4, 1), (1, 1), (2, 3), (0, 3), (4, 4)]
2025-03-31 10:30:32 | WARNING | 未找到有效解，重新生成
2025-03-31 10:30:32 | DEBUG | 生成6棵树: [(3, 2), (2, 0), (1, 3), (4, 4), (4, 0), (0, 0)]
2025-03-31 10:30:32 | WARNING | 未找到有效解，重新生成
2025-03-31 10:30:32 | DEBUG | 生成6棵树: [(2, 0), (4, 4), (1, 3), (0, 1), (3, 2), (4, 0)]
2025-03-31 10:30:32 | WARNING | 未找到有效解，重新生成
2025-03-31 10:30:32 | DEBUG | 生成6棵树: [(4, 0), (3, 2), (2, 4), (1, 1), (4, 4), (0, 3)]
2025-03-31 10:30:32 | WARNING | 未找到有效解，重新生成
2025-03-31 10:30:32 | DEBUG | 生成7棵树: [(0, 4), (2, 3), (4, 1), (4, 4), (2, 0), (0, 2), (0, 0)]
2025-03-31 10:30:32 | WARNING | 未找到有效解，重新生成
2025-03-31 10:30:32 | DEBUG | 生成7棵树: [(3, 4), (1, 2), (0, 0), (1, 4), (4, 0), (2, 0), (4, 2)]
2025-03-31 10:30:32 | WARNING | 未找到有效解，重新生成
2025-03-31 10:30:32 | DEBUG | 生成5棵树: [(4, 1), (1, 3), (3, 3), (2, 1), (0, 0)]
2025-03-31 10:30:32 | WARNING | 未找到有效解，重新生成
2025-03-31 10:30:32 | DEBUG | 生成6棵树: [(2, 2), (4, 3), (0, 1), (0, 3), (3, 0), (2, 4)]
2025-03-31 10:30:32 | WARNING | 未找到有效解，重新生成
2025-03-31 10:30:32 | DEBUG | 生成4棵树: [(1, 1), (3, 4), (1, 3), (3, 1)]
2025-03-31 10:30:32 | WARNING | 未找到有效解，重新生成
2025-03-31 10:30:32 | DEBUG | 生成6棵树: [(2, 2), (4, 1), (0, 3), (0, 1), (2, 0), (3, 4)]
2025-03-31 10:30:32 | WARNING | 未找到有效解，重新生成
2025-03-31 10:30:32 | DEBUG | 生成7棵树: [(3, 4), (2, 2), (1, 0), (4, 0), (4, 2), (1, 4), (0, 2)]
2025-03-31 10:30:32 | WARNING | 未找到有效解，重新生成
2025-03-31 10:30:32 | DEBUG | 生成6棵树: [(4, 2), (1, 3), (2, 1), (4, 0), (3, 4), (0, 0)]
2025-03-31 10:30:32 | WARNING | 未找到有效解，重新生成
2025-03-31 10:30:32 | DEBUG | 生成6棵树: [(3, 1), (4, 3), (2, 3), (0, 2), (0, 0), (0, 4)]
2025-03-31 10:30:32 | WARNING | 未找到有效解，重新生成
2025-03-31 10:30:32 | DEBUG | 生成6棵树: [(1, 1), (4, 2), (2, 3), (4, 0), (4, 4), (0, 4)]
2025-03-31 10:30:32 | WARNING | 未找到有效解，重新生成
2025-03-31 10:30:32 | DEBUG | 生成5棵树: [(3, 1), (2, 4), (1, 1), (0, 4), (4, 4)]
2025-03-31 10:30:32 | WARNING | 未找到有效解，重新生成
2025-03-31 10:30:32 | DEBUG | 生成7棵树: [(0, 2), (4, 2), (2, 1), (4, 0), (4, 4), (2, 4), (0, 4)]
2025-03-31 10:30:32 | WARNING | 未找到有效解，重新生成
2025-03-31 10:30:32 | DEBUG | 生成6棵树: [(2, 0), (1, 3), (0, 1), (3, 4), (4, 0), (4, 2)]
2025-03-31 10:30:32 | WARNING | 未找到有效解，重新生成
2025-03-31 10:30:32 | DEBUG | 生成5棵树: [(3, 1), (1, 0), (2, 3), (4, 3), (0, 3)]
2025-03-31 10:30:32 | WARNING | 未找到有效解，重新生成
2025-03-31 10:30:32 | DEBUG | 生成7棵树: [(2, 0), (0, 0), (1, 2), (4, 2), (1, 4), (4, 4), (4, 0)]
2025-03-31 10:30:32 | WARNING | 未找到有效解，重新生成
2025-03-31 10:30:32 | DEBUG | 生成7棵树: [(4, 0), (0, 1), (2, 3), (4, 2), (4, 4), (2, 1), (0, 3)]
2025-03-31 10:30:32 | WARNING | 未找到有效解，重新生成
2025-03-31 10:30:32 | DEBUG | 生成5棵树: [(1, 4), (3, 4), (3, 1), (1, 0), (1, 2)]
2025-03-31 10:30:32 | WARNING | 未找到有效解，重新生成
2025-03-31 10:30:32 | DEBUG | 生成6棵树: [(1, 4), (4, 0), (0, 0), (2, 0), (3, 3), (1, 2)]
2025-03-31 10:30:32 | WARNING | 未找到有效解，重新生成
2025-03-31 10:30:32 | DEBUG | 生成4棵树: [(3, 0), (1, 3), (3, 3), (1, 1)]
2025-03-31 10:30:32 | WARNING | 未找到有效解，重新生成
2025-03-31 10:30:32 | DEBUG | 生成4棵树: [(1, 3), (1, 0), (3, 0), (3, 3)]
2025-03-31 10:30:32 | WARNING | 未找到有效解，重新生成
2025-03-31 10:30:32 | DEBUG | 生成5棵树: [(3, 1), (1, 4), (0, 2), (0, 0), (4, 4)]
2025-03-31 10:30:32 | WARNING | 未找到有效解，重新生成
2025-03-31 10:30:32 | DEBUG | 生成7棵树: [(2, 0), (2, 4), (4, 4), (0, 2), (4, 1), (0, 0), (0, 4)]
2025-03-31 10:30:32 | WARNING | 未找到有效解，重新生成
2025-03-31 10:30:32 | DEBUG | 生成5棵树: [(1, 3), (0, 0), (3, 2), (3, 0), (3, 4)]
2025-03-31 10:30:32 | WARNING | 未找到有效解，重新生成
2025-03-31 10:30:32 | DEBUG | 生成6棵树: [(3, 2), (1, 0), (4, 0), (0, 2), (0, 4), (3, 4)]
2025-03-31 10:30:32 | WARNING | 未找到有效解，重新生成
2025-03-31 10:30:32 | DEBUG | 生成6棵树: [(0, 4), (1, 2), (4, 4), (3, 1), (2, 4), (0, 0)]
2025-03-31 10:30:32 | WARNING | 未找到有效解，重新生成
2025-03-31 10:30:32 | DEBUG | 生成7棵树: [(4, 0), (0, 0), (4, 2), (2, 2), (1, 4), (0, 2), (2, 0)]
2025-03-31 10:30:32 | WARNING | 未找到有效解，重新生成
2025-03-31 10:30:32 | DEBUG | 生成7棵树: [(2, 4), (0, 4), (3, 2), (0, 1), (4, 4), (2, 0), (4, 0)]
2025-03-31 10:30:32 | WARNING | 未找到有效解，重新生成
2025-03-31 10:30:32 | DEBUG | 生成5棵树: [(1, 3), (3, 2), (4, 4), (1, 0), (4, 0)]
2025-03-31 10:30:32 | WARNING | 未找到有效解，重新生成
2025-03-31 10:30:32 | DEBUG | 生成5棵树: [(3, 2), (1, 1), (4, 0), (1, 4), (3, 4)]
2025-03-31 10:30:32 | WARNING | 未找到有效解，重新生成
2025-03-31 10:30:32 | DEBUG | 生成7棵树: [(2, 1), (0, 2), (2, 3), (0, 0), (4, 4), (0, 4), (4, 1)]
2025-03-31 10:30:32 | WARNING | 未找到有效解，重新生成
2025-03-31 10:30:32 | DEBUG | 生成6棵树: [(4, 1), (0, 1), (0, 3), (4, 3), (2, 3), (2, 0)]
2025-03-31 10:30:32 | WARNING | 未找到有效解，重新生成
2025-03-31 10:30:32 | DEBUG | 生成6棵树: [(2, 1), (3, 3), (0, 2), (0, 0), (4, 1), (0, 4)]
2025-03-31 10:30:32 | WARNING | 未找到有效解，重新生成
2025-03-31 10:30:32 | DEBUG | 生成5棵树: [(3, 1), (0, 1), (4, 3), (0, 4), (2, 3)]
2025-03-31 10:30:32 | WARNING | 未找到有效解，重新生成
2025-03-31 10:30:32 | DEBUG | 生成6棵树: [(1, 0), (3, 4), (2, 2), (0, 3), (4, 0), (4, 2)]
2025-03-31 10:30:32 | WARNING | 未找到有效解，重新生成
2025-03-31 10:30:32 | DEBUG | 生成6棵树: [(2, 3), (0, 2), (3, 1), (0, 4), (4, 3), (1, 0)]
2025-03-31 10:30:32 | WARNING | 未找到有效解，重新生成
2025-03-31 10:30:32 | DEBUG | 生成4棵树: [(3, 1), (1, 3), (3, 3), (0, 1)]
2025-03-31 10:30:32 | WARNING | 未找到有效解，重新生成
2025-03-31 10:30:32 | DEBUG | 生成7棵树: [(0, 3), (2, 2), (4, 1), (0, 0), (4, 3), (2, 0), (2, 4)]
2025-03-31 10:30:32 | WARNING | 未找到有效解，重新生成
2025-03-31 10:30:32 | DEBUG | 生成7棵树: [(1, 4), (2, 0), (4, 3), (0, 0), (4, 1), (2, 2), (0, 2)]
2025-03-31 10:30:32 | WARNING | 未找到有效解，重新生成
2025-03-31 10:30:32 | DEBUG | 生成6棵树: [(1, 2), (3, 4), (3, 0), (1, 4), (3, 2), (1, 0)]
2025-03-31 10:30:32 | WARNING | 未找到有效解，重新生成
2025-03-31 10:30:32 | DEBUG | 生成7棵树: [(2, 4), (4, 4), (1, 0), (3, 0), (0, 4), (2, 2), (0, 2)]
2025-03-31 10:30:32 | WARNING | 未找到有效解，重新生成
2025-03-31 10:30:32 | DEBUG | 生成7棵树: [(1, 2), (2, 0), (4, 3), (0, 0), (4, 1), (2, 4), (0, 4)]
2025-03-31 10:30:32 | WARNING | 未找到有效解，重新生成
2025-03-31 10:30:32 | DEBUG | 生成6棵树: [(0, 3), (4, 3), (1, 0), (3, 0), (2, 2), (2, 4)]
2025-03-31 10:30:32 | WARNING | 未找到有效解，重新生成
2025-03-31 10:30:32 | DEBUG | 生成7棵树: [(4, 1), (0, 0), (1, 4), (2, 2), (3, 4), (0, 2), (2, 0)]
2025-03-31 10:30:32 | WARNING | 未找到有效解，重新生成
2025-03-31 10:30:32 | DEBUG | 生成7棵树: [(2, 0), (4, 2), (0, 2), (2, 4), (0, 4), (0, 0), (4, 0)]
2025-03-31 10:30:32 | WARNING | 未找到有效解，重新生成
2025-03-31 10:30:32 | DEBUG | 生成7棵树: [(2, 2), (0, 0), (4, 0), (2, 4), (4, 2), (2, 0), (0, 2)]
2025-03-31 10:30:32 | WARNING | 未找到有效解，重新生成
2025-03-31 10:30:32 | DEBUG | 生成7棵树: [(0, 2), (4, 4), (4, 2), (2, 3), (2, 0), (0, 4), (4, 0)]
2025-03-31 10:30:32 | WARNING | 未找到有效解，重新生成
2025-03-31 10:30:32 | DEBUG | 生成4棵树: [(1, 1), (1, 4), (3, 1), (4, 3)]
2025-03-31 10:30:32 | WARNING | 未找到有效解，重新生成
2025-03-31 10:30:32 | DEBUG | 生成6棵树: [(4, 0), (1, 0), (4, 2), (1, 2), (4, 4), (1, 4)]
2025-03-31 10:30:32 | WARNING | 未找到有效解，重新生成
2025-03-31 10:30:32 | DEBUG | 生成5棵树: [(4, 3), (0, 3), (2, 4), (3, 1), (0, 0)]
2025-03-31 10:30:32 | WARNING | 未找到有效解，重新生成
2025-03-31 10:30:32 | DEBUG | 生成6棵树: [(2, 4), (1, 0), (3, 2), (4, 4), (3, 0), (0, 3)]
2025-03-31 10:30:32 | WARNING | 未找到有效解，重新生成
2025-03-31 10:30:32 | DEBUG | 生成5棵树: [(1, 4), (4, 0), (1, 1), (3, 4), (4, 2)]
2025-03-31 10:30:32 | WARNING | 未找到有效解，重新生成
2025-03-31 10:30:32 | DEBUG | 生成5棵树: [(3, 1), (1, 1), (2, 4), (4, 4), (0, 4)]
2025-03-31 10:30:32 | WARNING | 未找到有效解，重新生成
2025-03-31 10:30:32 | DEBUG | 生成5棵树: [(3, 2), (1, 0), (3, 4), (0, 3), (4, 0)]
2025-03-31 10:30:32 | WARNING | 未找到有效解，重新生成
2025-03-31 10:30:32 | DEBUG | 生成7棵树: [(2, 3), (2, 1), (4, 4), (0, 2), (4, 2), (0, 0), (4, 0)]
2025-03-31 10:30:32 | WARNING | 未找到有效解，重新生成
2025-03-31 10:30:32 | DEBUG | 生成7棵树: [(0, 0), (3, 0), (0, 2), (4, 4), (2, 3), (4, 2), (0, 4)]
2025-03-31 10:30:32 | WARNING | 未找到有效解，重新生成
2025-03-31 10:30:32 | DEBUG | 生成7棵树: [(0, 2), (4, 2), (3, 4), (4, 0), (0, 0), (2, 0), (1, 4)]
2025-03-31 10:30:32 | WARNING | 未找到有效解，重新生成
2025-03-31 10:30:32 | DEBUG | 生成6棵树: [(4, 3), (2, 2), (3, 0), (0, 1), (2, 4), (0, 3)]
2025-03-31 10:30:32 | WARNING | 未找到有效解，重新生成
2025-03-31 10:30:32 | DEBUG | 生成7棵树: [(2, 4), (2, 2), (2, 0), (0, 4), (0, 0), (4, 0), (4, 4)]
2025-03-31 10:30:32 | WARNING | 未找到有效解，重新生成
2025-03-31 10:30:32 | DEBUG | 生成7棵树: [(4, 2), (0, 0), (0, 2), (3, 4), (3, 0), (2, 2), (1, 4)]
2025-03-31 10:30:32 | WARNING | 未找到有效解，重新生成
2025-03-31 10:30:32 | DEBUG | 生成6棵树: [(4, 0), (2, 4), (0, 3), (2, 1), (4, 3), (0, 0)]
2025-03-31 10:30:32 | WARNING | 未找到有效解，重新生成
2025-03-31 10:30:32 | DEBUG | 生成7棵树: [(2, 1), (2, 3), (0, 4), (0, 1), (4, 4), (4, 0), (4, 2)]
2025-03-31 10:30:32 | WARNING | 未找到有效解，重新生成
2025-03-31 10:30:32 | DEBUG | 生成5棵树: [(1, 4), (1, 1), (4, 0), (3, 2), (4, 4)]
2025-03-31 10:30:32 | WARNING | 未找到有效解，重新生成
2025-03-31 10:30:32 | DEBUG | 生成4棵树: [(0, 4), (3, 3), (1, 1), (4, 1)]
2025-03-31 10:30:32 | WARNING | 未找到有效解，重新生成
2025-03-31 10:30:32 | DEBUG | 生成5棵树: [(1, 4), (4, 0), (1, 1), (3, 2), (4, 4)]
2025-03-31 10:30:32 | WARNING | 未找到有效解，重新生成
2025-03-31 10:30:32 | DEBUG | 生成7棵树: [(4, 2), (0, 4), (2, 2), (1, 0), (4, 0), (0, 2), (2, 4)]
2025-03-31 10:30:32 | WARNING | 未找到有效解，重新生成
2025-03-31 10:30:32 | DEBUG | 生成7棵树: [(4, 2), (4, 0), (0, 0), (2, 4), (4, 4), (2, 0), (2, 2)]
2025-03-31 10:30:32 | WARNING | 未找到有效解，重新生成
2025-03-31 10:30:32 | DEBUG | 生成7棵树: [(3, 4), (0, 2), (1, 0), (0, 4), (4, 2), (2, 2), (4, 0)]
2025-03-31 10:30:32 | WARNING | 未找到有效解，重新生成
2025-03-31 10:30:32 | DEBUG | 生成6棵树: [(3, 2), (3, 4), (1, 4), (0, 2), (3, 0), (0, 0)]
2025-03-31 10:30:32 | WARNING | 未找到有效解，重新生成
2025-03-31 10:30:32 | DEBUG | 生成7棵树: [(4, 4), (3, 2), (0, 4), (1, 2), (2, 4), (0, 0), (2, 0)]
2025-03-31 10:30:32 | WARNING | 未找到有效解，重新生成
2025-03-31 10:30:32 | DEBUG | 生成7棵树: [(1, 2), (4, 0), (1, 0), (2, 4), (3, 2), (4, 4), (0, 4)]
2025-03-31 10:30:32 | WARNING | 未找到有效解，重新生成
2025-03-31 10:30:32 | DEBUG | 生成7棵树: [(0, 3), (2, 2), (4, 0), (4, 3), (2, 0), (2, 4), (0, 1)]
2025-03-31 10:30:32 | WARNING | 未找到有效解，重新生成
2025-03-31 10:30:32 | DEBUG | 生成7棵树: [(3, 0), (0, 0), (4, 2), (1, 4), (0, 2), (4, 4), (2, 2)]
2025-03-31 10:30:32 | WARNING | 未找到有效解，重新生成
2025-03-31 10:30:32 | DEBUG | 生成5棵树: [(4, 0), (1, 3), (2, 1), (0, 1), (4, 3)]
2025-03-31 10:30:32 | WARNING | 未找到有效解，重新生成
2025-03-31 10:30:32 | DEBUG | 生成7棵树: [(2, 0), (1, 4), (4, 1), (2, 2), (0, 0), (4, 3), (0, 2)]
2025-03-31 10:30:32 | WARNING | 未找到有效解，重新生成
2025-03-31 10:30:32 | DEBUG | 生成6棵树: [(3, 0), (2, 2), (1, 4), (0, 1), (4, 2), (4, 4)]
2025-03-31 10:30:32 | WARNING | 未找到有效解，重新生成
2025-03-31 10:30:32 | DEBUG | 生成6棵树: [(1, 2), (3, 3), (0, 0), (4, 1), (0, 4), (2, 0)]
2025-03-31 10:30:32 | WARNING | 未找到有效解，重新生成
2025-03-31 10:30:32 | DEBUG | 生成7棵树: [(4, 0), (0, 4), (3, 4), (2, 2), (4, 2), (0, 1), (2, 0)]
2025-03-31 10:30:32 | WARNING | 未找到有效解，重新生成
2025-03-31 10:30:32 | DEBUG | 生成6棵树: [(3, 1), (0, 2), (4, 4), (0, 0), (0, 4), (2, 3)]
2025-03-31 10:30:32 | WARNING | 未找到有效解，重新生成
2025-03-31 10:30:32 | DEBUG | 生成6棵树: [(4, 3), (1, 2), (1, 0), (3, 1), (2, 4), (0, 4)]
2025-03-31 10:30:32 | WARNING | 未找到有效解，重新生成
2025-03-31 10:30:32 | DEBUG | 生成6棵树: [(4, 1), (2, 1), (0, 2), (1, 4), (0, 0), (4, 4)]
2025-03-31 10:30:32 | WARNING | 未找到有效解，重新生成
2025-03-31 10:30:32 | DEBUG | 生成5棵树: [(4, 4), (1, 4), (3, 0), (1, 1), (4, 2)]
2025-03-31 10:30:32 | WARNING | 未找到有效解，重新生成
2025-03-31 10:30:32 | DEBUG | 生成5棵树: [(2, 4), (0, 1), (3, 1), (0, 3), (4, 4)]
2025-03-31 10:30:32 | WARNING | 未找到有效解，重新生成
2025-03-31 10:30:32 | DEBUG | 生成5棵树: [(1, 3), (4, 4), (0, 1), (2, 0), (4, 1)]
2025-03-31 10:30:32 | WARNING | 未找到有效解，重新生成
2025-03-31 10:30:32 | DEBUG | 生成7棵树: [(0, 3), (4, 3), (2, 4), (2, 0), (0, 0), (2, 2), (4, 1)]
2025-03-31 10:30:32 | WARNING | 未找到有效解，重新生成
2025-03-31 10:30:32 | DEBUG | 生成7棵树: [(4, 3), (0, 1), (4, 0), (2, 0), (2, 4), (0, 4), (2, 2)]
2025-03-31 10:30:32 | WARNING | 未找到有效解，重新生成
2025-03-31 10:30:32 | DEBUG | 生成7棵树: [(2, 2), (0, 0), (4, 2), (2, 0), (4, 0), (2, 4), (0, 3)]
2025-03-31 10:30:32 | WARNING | 未找到有效解，重新生成
2025-03-31 10:30:32 | DEBUG | 生成5棵树: [(4, 2), (1, 4), (1, 1), (4, 0), (4, 4)]
2025-03-31 10:30:32 | WARNING | 未找到有效解，重新生成
2025-03-31 10:30:32 | DEBUG | 生成6棵树: [(4, 1), (1, 2), (4, 3), (0, 0), (1, 4), (2, 0)]
2025-03-31 10:30:32 | WARNING | 未找到有效解，重新生成
2025-03-31 10:30:32 | DEBUG | 生成5棵树: [(4, 1), (2, 1), (3, 3), (1, 4), (0, 1)]
2025-03-31 10:30:32 | WARNING | 未找到有效解，重新生成
2025-03-31 10:30:32 | DEBUG | 生成7棵树: [(2, 3), (1, 0), (4, 0), (4, 4), (0, 2), (4, 2), (0, 4)]
2025-03-31 10:30:32 | WARNING | 未找到有效解，重新生成
2025-03-31 10:30:32 | DEBUG | 生成7棵树: [(2, 2), (4, 0), (0, 4), (4, 3), (2, 0), (2, 4), (0, 1)]
2025-03-31 10:30:32 | WARNING | 未找到有效解，重新生成
2025-03-31 10:30:32 | DEBUG | 生成7棵树: [(0, 4), (4, 3), (1, 0), (4, 0), (0, 2), (2, 4), (2, 2)]
2025-03-31 10:30:32 | WARNING | 未找到有效解，重新生成
2025-03-31 10:30:32 | DEBUG | 生成7棵树: [(0, 3), (2, 1), (4, 2), (4, 4), (4, 0), (0, 0), (2, 4)]
2025-03-31 10:30:32 | WARNING | 未找到有效解，重新生成
2025-03-31 10:30:32 | DEBUG | 生成5棵树: [(0, 3), (1, 0), (4, 1), (4, 3), (2, 3)]
2025-03-31 10:30:32 | WARNING | 未找到有效解，重新生成
2025-03-31 10:30:32 | DEBUG | 生成7棵树: [(0, 0), (3, 0), (4, 3), (0, 2), (2, 4), (2, 2), (0, 4)]
2025-03-31 10:30:32 | WARNING | 未找到有效解，重新生成
2025-03-31 10:30:32 | DEBUG | 生成6棵树: [(3, 0), (1, 4), (4, 2), (2, 2), (0, 1), (3, 4)]
2025-03-31 10:30:32 | WARNING | 未找到有效解，重新生成
2025-03-31 10:30:32 | DEBUG | 生成7棵树: [(2, 3), (2, 0), (4, 1), (4, 4), (0, 2), (0, 4), (0, 0)]
2025-03-31 10:30:32 | WARNING | 未找到有效解，重新生成
2025-03-31 10:30:32 | DEBUG | 生成6棵树: [(1, 2), (4, 1), (3, 3), (1, 4), (2, 0), (0, 0)]
2025-03-31 10:30:32 | WARNING | 未找到有效解，重新生成
2025-03-31 10:30:32 | DEBUG | 生成4棵树: [(3, 1), (0, 1), (4, 4), (1, 3)]
2025-03-31 10:30:32 | WARNING | 未找到有效解，重新生成
2025-03-31 10:30:32 | DEBUG | 生成7棵树: [(0, 4), (0, 0), (4, 3), (4, 1), (2, 1), (2, 3), (0, 2)]
2025-03-31 10:30:32 | WARNING | 未找到有效解，重新生成
2025-03-31 10:30:32 | DEBUG | 生成7棵树: [(4, 4), (3, 0), (2, 4), (0, 3), (0, 0), (2, 2), (4, 2)]
2025-03-31 10:30:32 | WARNING | 未找到有效解，重新生成
2025-03-31 10:30:32 | DEBUG | 生成6棵树: [(4, 4), (1, 1), (2, 3), (0, 4), (3, 0), (4, 2)]
2025-03-31 10:30:32 | WARNING | 未找到有效解，重新生成
2025-03-31 10:30:32 | DEBUG | 生成4棵树: [(1, 1), (1, 3), (3, 3), (4, 0)]
2025-03-31 10:30:32 | WARNING | 未找到有效解，重新生成
2025-03-31 10:30:32 | DEBUG | 生成7棵树: [(4, 4), (4, 2), (2, 0), (1, 2), (1, 4), (0, 0), (4, 0)]
2025-03-31 10:30:32 | WARNING | 未找到有效解，重新生成
2025-03-31 10:30:32 | DEBUG | 生成5棵树: [(3, 3), (1, 2), (1, 0), (3, 0), (1, 4)]
2025-03-31 10:30:32 | WARNING | 未找到有效解，重新生成
2025-03-31 10:30:32 | DEBUG | 生成7棵树: [(1, 2), (3, 2), (2, 0), (4, 0), (1, 4), (0, 0), (3, 4)]
2025-03-31 10:30:32 | WARNING | 未找到有效解，重新生成
2025-03-31 10:30:32 | DEBUG | 生成6棵树: [(0, 4), (4, 2), (3, 0), (1, 1), (2, 3), (4, 4)]
2025-03-31 10:30:32 | WARNING | 未找到有效解，重新生成
2025-03-31 10:30:32 | DEBUG | 生成5棵树: [(3, 1), (0, 2), (3, 3), (0, 4), (1, 0)]
2025-03-31 10:30:32 | WARNING | 未找到有效解，重新生成
2025-03-31 10:30:32 | DEBUG | 生成6棵树: [(4, 3), (1, 2), (3, 0), (0, 0), (0, 4), (2, 4)]
2025-03-31 10:30:32 | WARNING | 未找到有效解，重新生成
2025-03-31 10:30:32 | DEBUG | 生成5棵树: [(0, 4), (1, 1), (2, 4), (3, 1), (4, 3)]
2025-03-31 10:30:32 | WARNING | 未找到有效解，重新生成
2025-03-31 10:30:32 | DEBUG | 生成7棵树: [(2, 2), (4, 4), (1, 0), (0, 4), (4, 2), (0, 2), (3, 0)]
2025-03-31 10:30:32 | WARNING | 未找到有效解，重新生成
2025-03-31 10:30:32 | DEBUG | 生成5棵树: [(1, 3), (4, 2), (4, 4), (1, 0), (4, 0)]
2025-03-31 10:30:32 | WARNING | 未找到有效解，重新生成
2025-03-31 10:30:32 | DEBUG | 生成7棵树: [(2, 2), (0, 4), (0, 0), (3, 4), (3, 0), (0, 2), (4, 2)]
2025-03-31 10:30:32 | WARNING | 未找到有效解，重新生成
2025-03-31 10:30:32 | DEBUG | 生成6棵树: [(0, 2), (3, 1), (4, 3), (2, 3), (0, 4), (0, 0)]
2025-03-31 10:30:32 | WARNING | 未找到有效解，重新生成
2025-03-31 10:30:32 | DEBUG | 生成6棵树: [(3, 3), (0, 2), (4, 0), (1, 4), (2, 0), (0, 0)]
2025-03-31 10:30:32 | WARNING | 未找到有效解，重新生成
2025-03-31 10:30:32 | DEBUG | 生成5棵树: [(4, 0), (1, 1), (4, 3), (2, 3), (0, 3)]
2025-03-31 10:30:32 | WARNING | 未找到有效解，重新生成
2025-03-31 10:30:32 | DEBUG | 生成7棵树: [(2, 2), (1, 0), (4, 4), (0, 3), (3, 0), (2, 4), (4, 2)]
2025-03-31 10:30:32 | WARNING | 未找到有效解，重新生成
2025-03-31 10:30:32 | DEBUG | 生成6棵树: [(1, 2), (1, 0), (4, 2), (0, 4), (3, 4), (3, 0)]
2025-03-31 10:30:32 | WARNING | 未找到有效解，重新生成
2025-03-31 10:30:32 | DEBUG | 生成6棵树: [(2, 2), (0, 3), (3, 0), (2, 4), (0, 0), (4, 3)]
2025-03-31 10:30:32 | WARNING | 未找到有效解，重新生成
2025-03-31 10:30:32 | DEBUG | 生成5棵树: [(2, 1), (3, 3), (1, 3), (4, 0), (0, 1)]
2025-03-31 10:30:32 | WARNING | 未找到有效解，重新生成
2025-03-31 10:30:32 | DEBUG | 生成7棵树: [(4, 2), (0, 2), (4, 4), (2, 1), (0, 4), (0, 0), (2, 3)]
2025-03-31 10:30:32 | WARNING | 未找到有效解，重新生成
2025-03-31 10:30:32 | DEBUG | 生成6棵树: [(3, 4), (1, 2), (3, 2), (1, 4), (1, 0), (3, 0)]
2025-03-31 10:30:32 | WARNING | 未找到有效解，重新生成
2025-03-31 10:30:32 | DEBUG | 生成7棵树: [(2, 0), (4, 3), (4, 1), (0, 1), (2, 4), (0, 3), (2, 2)]
2025-03-31 10:30:32 | WARNING | 未找到有效解，重新生成
2025-03-31 10:30:32 | DEBUG | 生成6棵树: [(0, 1), (2, 1), (1, 4), (3, 4), (4, 0), (4, 2)]
2025-03-31 10:30:32 | WARNING | 未找到有效解，重新生成
2025-03-31 10:30:32 | DEBUG | 生成6棵树: [(1, 3), (2, 0), (3, 2), (0, 1), (3, 4), (4, 0)]
2025-03-31 10:30:32 | WARNING | 未找到有效解，重新生成
2025-03-31 10:30:32 | DEBUG | 生成7棵树: [(0, 4), (4, 3), (2, 1), (2, 3), (4, 1), (0, 2), (0, 0)]
2025-03-31 10:30:32 | WARNING | 未找到有效解，重新生成
2025-03-31 10:30:32 | DEBUG | 生成7棵树: [(2, 3), (2, 1), (4, 2), (0, 4), (0, 0), (0, 2), (4, 4)]
2025-03-31 10:30:32 | WARNING | 未找到有效解，重新生成
2025-03-31 10:30:32 | DEBUG | 生成5棵树: [(3, 1), (4, 4), (1, 4), (1, 2), (1, 0)]
2025-03-31 10:30:32 | WARNING | 未找到有效解，重新生成
2025-03-31 10:30:32 | DEBUG | 生成7棵树: [(4, 0), (2, 2), (2, 4), (4, 2), (4, 4), (0, 0), (0, 2)]
2025-03-31 10:30:32 | WARNING | 未找到有效解，重新生成
2025-03-31 10:30:32 | DEBUG | 生成6棵树: [(2, 3), (0, 1), (4, 1), (0, 4), (2, 0), (4, 3)]
2025-03-31 10:30:32 | WARNING | 未找到有效解，重新生成
2025-03-31 10:30:32 | DEBUG | 生成6棵树: [(3, 2), (1, 0), (1, 4), (3, 4), (1, 2), (3, 0)]
2025-03-31 10:30:32 | WARNING | 未找到有效解，重新生成
2025-03-31 10:30:32 | DEBUG | 生成6棵树: [(0, 4), (0, 1), (3, 4), (2, 1), (4, 2), (4, 0)]
2025-03-31 10:30:32 | WARNING | 未找到有效解，重新生成
2025-03-31 10:30:32 | DEBUG | 生成7棵树: [(2, 3), (4, 2), (4, 0), (0, 4), (0, 0), (4, 4), (2, 0)]
2025-03-31 10:30:32 | WARNING | 未找到有效解，重新生成
2025-03-31 10:30:32 | DEBUG | 生成5棵树: [(3, 3), (1, 4), (3, 1), (0, 0), (0, 2)]
2025-03-31 10:30:32 | WARNING | 未找到有效解，重新生成
2025-03-31 10:30:32 | DEBUG | 生成7棵树: [(2, 2), (1, 0), (2, 4), (0, 2), (3, 0), (0, 4), (4, 4)]
2025-03-31 10:30:32 | WARNING | 未找到有效解，重新生成
2025-03-31 10:30:32 | DEBUG | 生成7棵树: [(4, 0), (4, 4), (2, 0), (2, 2), (4, 2), (0, 2), (0, 0)]
2025-03-31 10:30:32 | WARNING | 未找到有效解，重新生成
2025-03-31 10:30:32 | DEBUG | 生成6棵树: [(2, 3), (0, 4), (3, 1), (0, 0), (4, 3), (0, 2)]
2025-03-31 10:30:32 | WARNING | 未找到有效解，重新生成
2025-03-31 10:30:32 | DEBUG | 生成7棵树: [(2, 4), (2, 0), (4, 3), (0, 4), (1, 2), (4, 1), (0, 0)]
2025-03-31 10:30:32 | WARNING | 未找到有效解，重新生成
2025-03-31 10:30:32 | DEBUG | 生成5棵树: [(1, 1), (2, 4), (4, 1), (0, 4), (4, 4)]
2025-03-31 10:30:32 | WARNING | 未找到有效解，重新生成
2025-03-31 10:30:32 | DEBUG | 生成7棵树: [(0, 0), (4, 0), (1, 4), (2, 0), (2, 2), (4, 4), (0, 2)]
2025-03-31 10:30:32 | WARNING | 未找到有效解，重新生成
2025-03-31 10:30:32 | DEBUG | 生成5棵树: [(3, 1), (1, 0), (0, 3), (2, 3), (4, 4)]
2025-03-31 10:30:32 | WARNING | 未找到有效解，重新生成
2025-03-31 10:30:32 | DEBUG | 生成5棵树: [(3, 2), (1, 4), (0, 1), (3, 0), (3, 4)]
2025-03-31 10:30:32 | WARNING | 未找到有效解，重新生成
2025-03-31 10:30:32 | DEBUG | 生成6棵树: [(1, 1), (4, 2), (2, 4), (3, 0), (4, 4), (0, 4)]
2025-03-31 10:30:32 | WARNING | 未找到有效解，重新生成
2025-03-31 10:30:32 | DEBUG | 生成7棵树: [(4, 0), (1, 0), (1, 2), (4, 2), (2, 4), (4, 4), (0, 4)]
2025-03-31 10:30:32 | WARNING | 未找到有效解，重新生成
2025-03-31 10:30:32 | DEBUG | 生成6棵树: [(4, 1), (3, 3), (0, 2), (0, 0), (0, 4), (2, 0)]
2025-03-31 10:30:32 | WARNING | 未找到有效解，重新生成
2025-03-31 10:30:32 | DEBUG | 生成6棵树: [(2, 3), (4, 2), (1, 1), (4, 4), (0, 3), (4, 0)]
2025-03-31 10:30:32 | WARNING | 未找到有效解，重新生成
2025-03-31 10:30:32 | DEBUG | 生成5棵树: [(1, 1), (3, 1), (2, 4), (4, 4), (0, 3)]
2025-03-31 10:30:32 | WARNING | 未找到有效解，重新生成
2025-03-31 10:30:32 | DEBUG | 生成7棵树: [(1, 4), (2, 2), (0, 0), (4, 2), (3, 4), (4, 0), (0, 2)]
2025-03-31 10:30:32 | WARNING | 未找到有效解，重新生成
2025-03-31 10:30:32 | DEBUG | 生成7棵树: [(0, 0), (3, 0), (4, 2), (1, 2), (2, 4), (0, 4), (4, 4)]
2025-03-31 10:30:32 | WARNING | 未找到有效解，重新生成
2025-03-31 10:30:32 | DEBUG | 生成6棵树: [(3, 4), (2, 2), (0, 3), (3, 0), (4, 2), (1, 0)]
2025-03-31 10:30:32 | WARNING | 未找到有效解，重新生成
2025-03-31 10:30:32 | DEBUG | 生成7棵树: [(2, 0), (1, 4), (3, 4), (0, 0), (4, 1), (0, 2), (2, 2)]
2025-03-31 10:30:32 | WARNING | 未找到有效解，重新生成
2025-03-31 10:30:32 | DEBUG | 生成6棵树: [(2, 2), (4, 0), (1, 0), (0, 3), (3, 4), (4, 2)]
2025-03-31 10:30:32 | WARNING | 未找到有效解，重新生成
2025-03-31 10:30:32 | DEBUG | 生成5棵树: [(0, 1), (2, 1), (3, 3), (1, 3), (4, 0)]
2025-03-31 10:30:32 | WARNING | 未找到有效解，重新生成
2025-03-31 10:30:32 | DEBUG | 生成7棵树: [(4, 3), (2, 0), (0, 2), (4, 1), (2, 4), (2, 2), (0, 4)]
2025-03-31 10:30:32 | WARNING | 未找到有效解，重新生成
2025-03-31 10:30:32 | DEBUG | 生成6棵树: [(4, 4), (0, 0), (2, 1), (0, 2), (1, 4), (4, 1)]
2025-03-31 10:30:32 | WARNING | 未找到有效解，重新生成
2025-03-31 10:30:32 | DEBUG | 生成7棵树: [(2, 3), (0, 0), (4, 3), (0, 2), (2, 0), (0, 4), (4, 0)]
2025-03-31 10:30:32 | WARNING | 未找到有效解，重新生成
2025-03-31 10:30:32 | DEBUG | 生成7棵树: [(3, 0), (0, 0), (4, 2), (0, 4), (2, 2), (4, 4), (2, 4)]
2025-03-31 10:30:32 | WARNING | 未找到有效解，重新生成
2025-03-31 10:30:32 | DEBUG | 生成7棵树: [(4, 2), (2, 4), (2, 2), (0, 3), (4, 0), (0, 1), (2, 0)]
2025-03-31 10:30:32 | WARNING | 未找到有效解，重新生成
2025-03-31 10:30:32 | DEBUG | 生成7棵树: [(0, 0), (2, 1), (1, 4), (4, 2), (3, 4), (0, 2), (4, 0)]
2025-03-31 10:30:32 | WARNING | 未找到有效解，重新生成
2025-03-31 10:30:32 | DEBUG | 生成7棵树: [(2, 2), (0, 2), (3, 0), (4, 3), (0, 0), (0, 4), (2, 4)]
2025-03-31 10:30:32 | WARNING | 未找到有效解，重新生成
2025-03-31 10:30:32 | DEBUG | 生成6棵树: [(0, 2), (3, 3), (2, 0), (4, 0), (0, 4), (0, 0)]
2025-03-31 10:30:32 | WARNING | 未找到有效解，重新生成
2025-03-31 10:30:32 | DEBUG | 生成6棵树: [(2, 2), (0, 3), (4, 2), (0, 0), (3, 0), (3, 4)]
2025-03-31 10:30:32 | WARNING | 未找到有效解，重新生成
2025-03-31 10:30:32 | DEBUG | 生成5棵树: [(1, 1), (4, 4), (4, 2), (1, 3), (3, 0)]
2025-03-31 10:30:32 | WARNING | 未找到有效解，重新生成
2025-03-31 10:30:32 | DEBUG | 生成4棵树: [(3, 0), (0, 4), (3, 3), (0, 1)]
2025-03-31 10:30:32 | WARNING | 未找到有效解，重新生成
2025-03-31 10:30:32 | DEBUG | 生成7棵树: [(2, 0), (0, 4), (4, 4), (3, 2), (1, 2), (4, 0), (2, 4)]
2025-03-31 10:30:32 | WARNING | 未找到有效解，重新生成
2025-03-31 10:30:32 | DEBUG | 生成7棵树: [(2, 0), (0, 4), (2, 2), (4, 4), (4, 1), (0, 2), (2, 4)]
2025-03-31 10:30:32 | WARNING | 未找到有效解，重新生成
2025-03-31 10:30:32 | DEBUG | 生成7棵树: [(4, 2), (0, 1), (0, 3), (2, 2), (4, 0), (4, 4), (2, 0)]
2025-03-31 10:30:32 | WARNING | 未找到有效解，重新生成
2025-03-31 10:30:32 | DEBUG | 生成5棵树: [(4, 4), (1, 1), (3, 2), (1, 4), (3, 0)]
2025-03-31 10:30:32 | WARNING | 未找到有效解，重新生成
2025-03-31 10:30:32 | DEBUG | 生成6棵树: [(3, 4), (2, 2), (4, 2), (0, 1), (3, 0), (0, 3)]
2025-03-31 10:30:32 | WARNING | 未找到有效解，重新生成
2025-03-31 10:30:32 | DEBUG | 生成6棵树: [(1, 4), (3, 0), (0, 0), (3, 4), (3, 2), (0, 2)]
2025-03-31 10:30:32 | WARNING | 未找到有效解，重新生成
2025-03-31 10:30:32 | DEBUG | 生成6棵树: [(0, 3), (2, 2), (3, 4), (0, 0), (2, 0), (4, 1)]
2025-03-31 10:30:32 | WARNING | 未找到有效解，重新生成
2025-03-31 10:30:32 | DEBUG | 生成5棵树: [(3, 1), (2, 4), (0, 1), (0, 4), (4, 4)]
2025-03-31 10:30:32 | WARNING | 未找到有效解，重新生成
2025-03-31 10:30:32 | DEBUG | 生成6棵树: [(4, 1), (2, 4), (4, 3), (0, 3), (1, 0), (2, 2)]
2025-03-31 10:30:32 | WARNING | 未找到有效解，重新生成
2025-03-31 10:30:32 | DEBUG | 生成5棵树: [(1, 3), (4, 3), (0, 0), (4, 1), (2, 0)]
2025-03-31 10:30:32 | WARNING | 未找到有效解，重新生成
2025-03-31 10:30:32 | DEBUG | 生成6棵树: [(2, 4), (4, 4), (3, 0), (0, 1), (3, 2), (0, 3)]
2025-03-31 10:30:32 | WARNING | 未找到有效解，重新生成
2025-03-31 10:30:32 | DEBUG | 生成6棵树: [(0, 0), (2, 4), (2, 1), (0, 3), (4, 3), (4, 0)]
2025-03-31 10:30:32 | WARNING | 未找到有效解，重新生成
2025-03-31 10:30:32 | DEBUG | 生成5棵树: [(3, 4), (1, 0), (1, 2), (4, 1), (0, 4)]
2025-03-31 10:30:32 | WARNING | 未找到有效解，重新生成
2025-03-31 10:30:32 | DEBUG | 生成7棵树: [(4, 2), (1, 2), (1, 0), (0, 4), (2, 4), (4, 4), (4, 0)]
2025-03-31 10:30:32 | WARNING | 未找到有效解，重新生成
2025-03-31 10:30:32 | DEBUG | 生成6棵树: [(1, 2), (0, 4), (3, 1), (1, 0), (4, 3), (2, 4)]
2025-03-31 10:30:32 | WARNING | 未找到有效解，重新生成
2025-03-31 10:30:32 | DEBUG | 生成7棵树: [(3, 4), (2, 0), (0, 4), (0, 0), (2, 2), (0, 2), (4, 1)]
2025-03-31 10:30:32 | WARNING | 未找到有效解，重新生成
2025-03-31 10:30:32 | DEBUG | 生成4棵树: [(1, 3), (4, 3), (3, 0), (1, 1)]
2025-03-31 10:30:32 | WARNING | 未找到有效解，重新生成
2025-03-31 10:30:32 | DEBUG | 生成4棵树: [(1, 1), (4, 0), (1, 4), (3, 3)]
2025-03-31 10:30:32 | WARNING | 未找到有效解，重新生成
2025-03-31 10:30:32 | DEBUG | 生成6棵树: [(3, 2), (3, 4), (0, 1), (2, 0), (4, 0), (1, 3)]
2025-03-31 10:30:32 | WARNING | 未找到有效解，重新生成
2025-03-31 10:30:32 | DEBUG | 生成7棵树: [(2, 4), (0, 1), (2, 0), (4, 4), (4, 1), (0, 3), (2, 2)]
2025-03-31 10:30:32 | WARNING | 未找到有效解，重新生成
2025-03-31 10:30:32 | DEBUG | 生成7棵树: [(4, 2), (0, 3), (0, 1), (2, 3), (2, 1), (4, 0), (4, 4)]
2025-03-31 10:30:32 | WARNING | 未找到有效解，重新生成
2025-03-31 10:30:32 | DEBUG | 生成7棵树: [(2, 0), (2, 4), (4, 2), (2, 2), (0, 2), (0, 0), (4, 4)]
2025-03-31 10:30:32 | WARNING | 未找到有效解，重新生成
2025-03-31 10:30:32 | DEBUG | 生成5棵树: [(3, 1), (4, 3), (0, 1), (0, 3), (2, 3)]
2025-03-31 10:30:32 | WARNING | 未找到有效解，重新生成
2025-03-31 10:30:32 | DEBUG | 生成7棵树: [(2, 3), (0, 0), (4, 4), (4, 0), (0, 2), (0, 4), (2, 0)]
2025-03-31 10:30:32 | WARNING | 未找到有效解，重新生成
2025-03-31 10:30:32 | DEBUG | 生成4棵树: [(1, 1), (3, 1), (3, 4), (0, 4)]
2025-03-31 10:30:32 | WARNING | 未找到有效解，重新生成
2025-03-31 10:30:32 | DEBUG | 生成5棵树: [(3, 2), (3, 4), (1, 3), (4, 0), (1, 1)]
2025-03-31 10:30:32 | WARNING | 未找到有效解，重新生成
2025-03-31 10:30:32 | DEBUG | 生成6棵树: [(4, 2), (1, 4), (1, 2), (1, 0), (4, 4), (3, 0)]
2025-03-31 10:30:32 | WARNING | 未找到有效解，重新生成
2025-03-31 10:30:32 | DEBUG | 生成6棵树: [(1, 1), (2, 3), (0, 4), (4, 2), (4, 4), (3, 0)]
2025-03-31 10:30:32 | WARNING | 未找到有效解，重新生成
2025-03-31 10:30:32 | DEBUG | 生成7棵树: [(2, 3), (4, 4), (2, 1), (4, 2), (0, 0), (4, 0), (0, 4)]
2025-03-31 10:30:32 | WARNING | 未找到有效解，重新生成
2025-03-31 10:30:32 | DEBUG | 生成5棵树: [(4, 3), (1, 1), (0, 4), (3, 0), (2, 4)]
2025-03-31 10:30:32 | WARNING | 未找到有效解，重新生成
2025-03-31 10:30:32 | DEBUG | 生成6棵树: [(0, 0), (2, 0), (4, 1), (1, 2), (3, 3), (1, 4)]
2025-03-31 10:30:32 | WARNING | 未找到有效解，重新生成
2025-03-31 10:30:32 | DEBUG | 生成5棵树: [(4, 3), (1, 1), (0, 3), (3, 0), (2, 3)]
2025-03-31 10:30:32 | WARNING | 未找到有效解，重新生成
2025-03-31 10:30:32 | DEBUG | 生成7棵树: [(2, 3), (2, 1), (4, 4), (0, 4), (0, 2), (4, 1), (0, 0)]
2025-03-31 10:30:32 | WARNING | 未找到有效解，重新生成
2025-03-31 10:30:32 | DEBUG | 生成7棵树: [(2, 4), (3, 2), (4, 0), (2, 0), (0, 0), (1, 2), (4, 4)]
2025-03-31 10:30:32 | WARNING | 未找到有效解，重新生成
2025-03-31 10:30:32 | DEBUG | 生成7棵树: [(4, 2), (4, 0), (2, 2), (1, 0), (2, 4), (4, 4), (0, 4)]
2025-03-31 10:30:32 | WARNING | 未找到有效解，重新生成
2025-03-31 10:30:32 | DEBUG | 生成6棵树: [(2, 3), (2, 0), (0, 1), (4, 3), (0, 3), (4, 1)]
2025-03-31 10:30:32 | WARNING | 未找到有效解，重新生成
2025-03-31 10:30:32 | DEBUG | 生成7棵树: [(1, 0), (3, 2), (0, 2), (4, 4), (0, 4), (4, 0), (2, 4)]
2025-03-31 10:30:32 | WARNING | 未找到有效解，重新生成
2025-03-31 10:30:32 | DEBUG | 生成7棵树: [(4, 1), (0, 0), (1, 2), (2, 4), (4, 3), (0, 4), (2, 0)]
2025-03-31 10:30:32 | WARNING | 未找到有效解，重新生成
2025-03-31 10:30:32 | DEBUG | 生成7棵树: [(1, 4), (3, 0), (3, 4), (2, 2), (0, 0), (0, 2), (4, 2)]
2025-03-31 10:30:32 | WARNING | 未找到有效解，重新生成
2025-03-31 10:30:32 | DEBUG | 生成4棵树: [(0, 3), (4, 1), (3, 3), (1, 1)]
2025-03-31 10:30:32 | WARNING | 未找到有效解，重新生成
2025-03-31 10:30:32 | DEBUG | 生成5棵树: [(4, 2), (4, 0), (1, 3), (1, 0), (3, 4)]
2025-03-31 10:30:32 | WARNING | 未找到有效解，重新生成
2025-03-31 10:30:32 | DEBUG | 生成5棵树: [(1, 4), (0, 0), (3, 1), (4, 3), (0, 2)]
2025-03-31 10:30:32 | WARNING | 未找到有效解，重新生成
2025-03-31 10:30:32 | DEBUG | 生成7棵树: [(0, 3), (0, 0), (2, 2), (4, 2), (4, 0), (2, 4), (2, 0)]
2025-03-31 10:30:32 | WARNING | 未找到有效解，重新生成
2025-03-31 10:30:32 | DEBUG | 生成7棵树: [(4, 0), (3, 2), (4, 4), (1, 4), (0, 2), (0, 0), (2, 0)]
2025-03-31 10:30:32 | WARNING | 未找到有效解，重新生成
2025-03-31 10:30:32 | DEBUG | 生成7棵树: [(4, 2), (3, 4), (0, 2), (2, 2), (1, 0), (1, 4), (3, 0)]
2025-03-31 10:30:32 | WARNING | 未找到有效解，重新生成
2025-03-31 10:30:32 | DEBUG | 生成6棵树: [(3, 1), (0, 4), (0, 2), (2, 3), (4, 4), (0, 0)]
2025-03-31 10:30:32 | WARNING | 未找到有效解，重新生成
2025-03-31 10:30:32 | DEBUG | 生成6棵树: [(1, 2), (4, 3), (2, 4), (1, 0), (4, 1), (0, 4)]
2025-03-31 10:30:32 | WARNING | 未找到有效解，重新生成
2025-03-31 10:30:32 | DEBUG | 生成6棵树: [(3, 0), (1, 4), (4, 3), (0, 2), (0, 0), (2, 2)]
2025-03-31 10:30:32 | WARNING | 未找到有效解，重新生成
2025-03-31 10:30:32 | DEBUG | 生成7棵树: [(2, 2), (0, 1), (2, 4), (4, 2), (2, 0), (0, 4), (4, 4)]
2025-03-31 10:30:32 | WARNING | 未找到有效解，重新生成
2025-03-31 10:30:32 | DEBUG | 生成5棵树: [(1, 0), (3, 3), (3, 0), (0, 4), (0, 2)]
2025-03-31 10:30:32 | WARNING | 未找到有效解，重新生成
2025-03-31 10:30:32 | DEBUG | 生成7棵树: [(4, 0), (2, 4), (0, 4), (4, 2), (2, 0), (4, 4), (1, 2)]
2025-03-31 10:30:32 | WARNING | 未找到有效解，重新生成
2025-03-31 10:30:32 | DEBUG | 生成6棵树: [(1, 0), (4, 3), (2, 2), (4, 0), (1, 4), (0, 2)]
2025-03-31 10:30:32 | WARNING | 未找到有效解，重新生成
2025-03-31 10:30:32 | DEBUG | 生成6棵树: [(3, 3), (4, 1), (0, 4), (1, 2), (0, 0), (2, 0)]
2025-03-31 10:30:32 | WARNING | 未找到有效解，重新生成
2025-03-31 10:30:32 | DEBUG | 生成6棵树: [(0, 4), (3, 0), (3, 4), (0, 2), (1, 0), (3, 2)]
2025-03-31 10:30:32 | WARNING | 未找到有效解，重新生成
2025-03-31 10:30:32 | DEBUG | 生成7棵树: [(2, 0), (2, 4), (2, 2), (4, 1), (0, 0), (0, 2), (0, 4)]
2025-03-31 10:30:32 | WARNING | 未找到有效解，重新生成
2025-03-31 10:30:32 | DEBUG | 生成7棵树: [(4, 4), (0, 3), (4, 0), (2, 3), (2, 1), (0, 0), (4, 2)]
2025-03-31 10:30:32 | WARNING | 未找到有效解，重新生成
2025-03-31 10:30:32 | DEBUG | 生成6棵树: [(1, 2), (4, 0), (4, 3), (0, 4), (1, 0), (2, 4)]
2025-03-31 10:30:32 | WARNING | 未找到有效解，重新生成
2025-03-31 10:30:32 | DEBUG | 生成4棵树: [(3, 1), (1, 3), (1, 1), (4, 4)]
2025-03-31 10:30:32 | WARNING | 未找到有效解，重新生成
2025-03-31 10:30:32 | DEBUG | 生成7棵树: [(4, 3), (2, 0), (0, 0), (4, 1), (2, 3), (0, 4), (0, 2)]
2025-03-31 10:30:32 | WARNING | 未找到有效解，重新生成
2025-03-31 10:30:32 | DEBUG | 生成7棵树: [(1, 4), (2, 1), (0, 2), (4, 2), (3, 4), (4, 0), (0, 0)]
2025-03-31 10:30:32 | WARNING | 未找到有效解，重新生成
2025-03-31 10:30:32 | DEBUG | 生成7棵树: [(4, 4), (0, 4), (4, 1), (2, 1), (2, 3), (0, 2), (0, 0)]
2025-03-31 10:30:32 | WARNING | 未找到有效解，重新生成
2025-03-31 10:30:32 | DEBUG | 生成7棵树: [(2, 2), (0, 1), (2, 4), (4, 4), (4, 1), (0, 4), (2, 0)]
2025-03-31 10:30:32 | WARNING | 未找到有效解，重新生成
2025-03-31 10:30:32 | DEBUG | 生成7棵树: [(2, 2), (4, 4), (4, 1), (0, 4), (2, 4), (2, 0), (0, 0)]
2025-03-31 10:30:32 | WARNING | 未找到有效解，重新生成
2025-03-31 10:30:32 | DEBUG | 生成6棵树: [(0, 0), (3, 4), (2, 0), (1, 3), (4, 2), (4, 0)]
2025-03-31 10:30:32 | WARNING | 未找到有效解，重新生成
2025-03-31 10:30:32 | DEBUG | 生成6棵树: [(4, 3), (4, 0), (0, 1), (2, 1), (0, 4), (2, 4)]
2025-03-31 10:30:32 | WARNING | 未找到有效解，重新生成
2025-03-31 10:30:32 | DEBUG | 生成5棵树: [(3, 1), (2, 4), (0, 3), (0, 0), (4, 4)]
2025-03-31 10:30:32 | WARNING | 未找到有效解，重新生成
2025-03-31 10:30:32 | DEBUG | 生成7棵树: [(3, 4), (2, 2), (1, 4), (4, 0), (0, 2), (2, 0), (4, 2)]
2025-03-31 10:30:32 | WARNING | 未找到有效解，重新生成
2025-03-31 10:30:32 | DEBUG | 生成6棵树: [(1, 0), (2, 3), (3, 1), (0, 2), (4, 3), (0, 4)]
2025-03-31 10:30:32 | WARNING | 未找到有效解，重新生成
2025-03-31 10:30:32 | DEBUG | 生成6棵树: [(0, 2), (3, 3), (2, 0), (4, 1), (0, 4), (0, 0)]
2025-03-31 10:30:32 | WARNING | 未找到有效解，重新生成
2025-03-31 10:30:32 | DEBUG | 生成6棵树: [(0, 2), (4, 1), (1, 4), (3, 3), (2, 0), (0, 0)]
2025-03-31 10:30:32 | WARNING | 未找到有效解，重新生成
2025-03-31 10:30:32 | DEBUG | 生成7棵树: [(3, 2), (0, 0), (3, 4), (0, 4), (1, 2), (2, 0), (4, 0)]
2025-03-31 10:30:32 | WARNING | 未找到有效解，重新生成
2025-03-31 10:30:32 | DEBUG | 生成5棵树: [(1, 3), (3, 4), (1, 1), (4, 0), (4, 2)]
2025-03-31 10:30:32 | WARNING | 未找到有效解，重新生成
2025-03-31 10:30:32 | DEBUG | 生成4棵树: [(4, 1), (3, 3), (1, 0), (0, 3)]
2025-03-31 10:30:32 | WARNING | 未找到有效解，重新生成
2025-03-31 10:30:32 | DEBUG | 生成7棵树: [(0, 4), (3, 0), (1, 2), (4, 4), (1, 0), (3, 2), (2, 4)]
2025-03-31 10:30:32 | WARNING | 未找到有效解，重新生成
2025-03-31 10:30:32 | DEBUG | 生成7棵树: [(2, 2), (4, 2), (3, 0), (1, 4), (3, 4), (1, 0), (0, 2)]
2025-03-31 10:30:32 | WARNING | 未找到有效解，重新生成
2025-03-31 10:30:32 | DEBUG | 生成5棵树: [(3, 3), (0, 3), (2, 0), (4, 0), (0, 0)]
2025-03-31 10:30:32 | WARNING | 未找到有效解，重新生成
2025-03-31 10:30:32 | DEBUG | 生成5棵树: [(3, 0), (1, 4), (1, 1), (4, 4), (3, 2)]
2025-03-31 10:30:32 | WARNING | 未找到有效解，重新生成
2025-03-31 10:30:32 | DEBUG | 生成6棵树: [(2, 1), (4, 0), (3, 4), (1, 4), (0, 1), (4, 2)]
2025-03-31 10:30:32 | WARNING | 未找到有效解，重新生成
2025-03-31 10:30:32 | DEBUG | 生成6棵树: [(2, 3), (3, 0), (4, 2), (1, 1), (0, 3), (4, 4)]
2025-03-31 10:30:32 | WARNING | 未找到有效解，重新生成
2025-03-31 10:30:32 | DEBUG | 生成5棵树: [(0, 4), (1, 1), (4, 1), (2, 4), (4, 4)]
2025-03-31 10:30:32 | WARNING | 未找到有效解，重新生成
2025-03-31 10:30:32 | DEBUG | 生成5棵树: [(1, 1), (2, 4), (4, 1), (0, 3), (4, 4)]
2025-03-31 10:30:32 | WARNING | 未找到有效解，重新生成
2025-03-31 10:30:32 | DEBUG | 生成6棵树: [(3, 1), (0, 0), (2, 3), (4, 4), (0, 4), (0, 2)]
2025-03-31 10:30:32 | WARNING | 未找到有效解，重新生成
2025-03-31 10:30:32 | DEBUG | 生成5棵树: [(3, 3), (2, 1), (1, 3), (0, 0), (4, 0)]
2025-03-31 10:30:32 | WARNING | 未找到有效解，重新生成
2025-03-31 10:30:32 | DEBUG | 生成7棵树: [(3, 0), (1, 0), (4, 4), (1, 2), (3, 2), (0, 4), (2, 4)]
2025-03-31 10:30:32 | WARNING | 未找到有效解，重新生成
2025-03-31 10:30:32 | DEBUG | 生成6棵树: [(2, 0), (4, 1), (3, 4), (0, 3), (0, 1), (2, 2)]
2025-03-31 10:30:32 | WARNING | 未找到有效解，重新生成
2025-03-31 10:30:32 | DEBUG | 生成5棵树: [(1, 3), (3, 3), (0, 0), (4, 1), (2, 0)]
2025-03-31 10:30:32 | WARNING | 未找到有效解，重新生成
2025-03-31 10:30:32 | DEBUG | 生成6棵树: [(0, 0), (0, 3), (4, 3), (4, 1), (2, 1), (2, 4)]
2025-03-31 10:30:32 | WARNING | 未找到有效解，重新生成
2025-03-31 10:30:32 | DEBUG | 生成6棵树: [(2, 3), (3, 0), (0, 2), (4, 3), (0, 4), (0, 0)]
2025-03-31 10:30:32 | WARNING | 未找到有效解，重新生成
2025-03-31 10:30:32 | DEBUG | 生成7棵树: [(3, 2), (2, 0), (1, 2), (4, 4), (2, 4), (4, 0), (0, 4)]
2025-03-31 10:30:32 | WARNING | 未找到有效解，重新生成
2025-03-31 10:30:32 | DEBUG | 生成6棵树: [(4, 2), (1, 1), (0, 3), (3, 0), (2, 4), (4, 4)]
2025-03-31 10:30:32 | WARNING | 未找到有效解，重新生成
2025-03-31 10:30:32 | DEBUG | 生成7棵树: [(2, 0), (3, 4), (0, 4), (0, 0), (4, 0), (2, 2), (0, 2)]
2025-03-31 10:30:32 | WARNING | 未找到有效解，重新生成
2025-03-31 10:30:32 | DEBUG | 生成5棵树: [(3, 0), (0, 3), (3, 2), (1, 1), (3, 4)]
2025-03-31 10:30:32 | WARNING | 未找到有效解，重新生成
2025-03-31 10:30:32 | DEBUG | 生成7棵树: [(2, 4), (2, 1), (0, 0), (4, 2), (0, 2), (4, 4), (0, 4)]
2025-03-31 10:30:32 | WARNING | 未找到有效解，重新生成
2025-03-31 10:30:32 | DEBUG | 生成7棵树: [(2, 0), (0, 0), (4, 2), (2, 3), (0, 3), (4, 4), (4, 0)]
2025-03-31 10:30:32 | WARNING | 未找到有效解，重新生成
2025-03-31 10:30:32 | DEBUG | 生成6棵树: [(0, 4), (3, 3), (4, 0), (0, 2), (2, 1), (0, 0)]
2025-03-31 10:30:32 | WARNING | 未找到有效解，重新生成
2025-03-31 10:30:32 | DEBUG | 生成7棵树: [(2, 2), (0, 4), (4, 3), (4, 1), (0, 0), (2, 0), (0, 2)]
2025-03-31 10:30:32 | WARNING | 未找到有效解，重新生成
2025-03-31 10:30:32 | DEBUG | 生成5棵树: [(4, 1), (4, 3), (1, 1), (0, 4), (2, 3)]
2025-03-31 10:30:32 | WARNING | 未找到有效解，重新生成
2025-03-31 10:30:32 | DEBUG | 生成7棵树: [(4, 2), (2, 2), (0, 0), (3, 4), (0, 4), (0, 2), (2, 0)]
2025-03-31 10:30:32 | WARNING | 未找到有效解，重新生成
2025-03-31 10:30:32 | DEBUG | 生成6棵树: [(1, 2), (3, 3), (0, 4), (0, 0), (4, 0), (2, 0)]
2025-03-31 10:30:32 | WARNING | 未找到有效解，重新生成
2025-03-31 10:30:32 | DEBUG | 生成6棵树: [(3, 0), (0, 3), (2, 3), (1, 1), (4, 2), (4, 4)]
2025-03-31 10:30:32 | WARNING | 未找到有效解，重新生成
2025-03-31 10:30:32 | DEBUG | 生成4棵树: [(4, 0), (0, 3), (3, 3), (1, 0)]
2025-03-31 10:30:32 | WARNING | 未找到有效解，重新生成
2025-03-31 10:30:32 | DEBUG | 生成7棵树: [(0, 4), (2, 2), (4, 4), (0, 0), (4, 2), (2, 4), (2, 0)]
2025-03-31 10:30:32 | WARNING | 未找到有效解，重新生成
2025-03-31 10:30:32 | DEBUG | 生成5棵树: [(1, 3), (1, 0), (4, 2), (3, 4), (3, 0)]
2025-03-31 10:30:32 | WARNING | 未找到有效解，重新生成
2025-03-31 10:30:32 | DEBUG | 生成5棵树: [(1, 3), (4, 3), (0, 0), (2, 0), (4, 0)]
2025-03-31 10:30:32 | WARNING | 未找到有效解，重新生成
2025-03-31 10:30:32 | DEBUG | 生成5棵树: [(2, 4), (4, 4), (3, 1), (1, 1), (0, 4)]
2025-03-31 10:30:32 | WARNING | 未找到有效解，重新生成
2025-03-31 10:30:32 | DEBUG | 生成6棵树: [(1, 4), (1, 2), (4, 1), (4, 4), (0, 0), (2, 0)]
2025-03-31 10:30:32 | WARNING | 未找到有效解，重新生成
2025-03-31 10:30:32 | DEBUG | 生成7棵树: [(2, 2), (4, 2), (1, 0), (4, 0), (0, 4), (0, 2), (3, 4)]
2025-03-31 10:30:32 | WARNING | 未找到有效解，重新生成
2025-03-31 10:30:32 | DEBUG | 生成6棵树: [(3, 0), (0, 1), (3, 4), (0, 3), (4, 2), (2, 2)]
2025-03-31 10:30:32 | WARNING | 未找到有效解，重新生成
2025-03-31 10:30:32 | DEBUG | 生成6棵树: [(2, 0), (0, 1), (1, 3), (3, 4), (4, 2), (4, 0)]
2025-03-31 10:30:32 | WARNING | 未找到有效解，重新生成
2025-03-31 10:30:32 | DEBUG | 生成6棵树: [(3, 0), (3, 4), (1, 2), (0, 0), (1, 4), (3, 2)]
2025-03-31 10:30:32 | WARNING | 未找到有效解，重新生成
2025-03-31 10:30:32 | DEBUG | 生成6棵树: [(3, 0), (1, 4), (2, 2), (3, 4), (0, 1), (4, 2)]
2025-03-31 10:30:32 | WARNING | 未找到有效解，重新生成
2025-03-31 10:30:32 | DEBUG | 生成7棵树: [(4, 2), (2, 4), (1, 2), (4, 0), (0, 4), (0, 0), (4, 4)]
2025-03-31 10:30:32 | WARNING | 未找到有效解，重新生成
2025-03-31 10:30:32 | DEBUG | 生成6棵树: [(4, 4), (2, 0), (0, 1), (1, 4), (2, 2), (4, 1)]
2025-03-31 10:30:32 | WARNING | 未找到有效解，重新生成
2025-03-31 10:30:32 | DEBUG | 生成7棵树: [(4, 4), (0, 2), (3, 0), (0, 0), (3, 2), (0, 4), (2, 4)]
2025-03-31 10:30:32 | WARNING | 未找到有效解，重新生成
2025-03-31 10:30:32 | DEBUG | 生成6棵树: [(1, 2), (3, 3), (2, 0), (4, 1), (0, 0), (1, 4)]
2025-03-31 10:30:32 | WARNING | 未找到有效解，重新生成
2025-03-31 10:30:32 | DEBUG | 生成7棵树: [(2, 2), (4, 1), (4, 4), (2, 4), (0, 0), (2, 0), (0, 2)]
2025-03-31 10:30:32 | WARNING | 未找到有效解，重新生成
2025-03-31 10:30:32 | DEBUG | 生成7棵树: [(4, 3), (2, 1), (0, 2), (0, 0), (2, 3), (4, 1), (0, 4)]
2025-03-31 10:30:32 | WARNING | 未找到有效解，重新生成
2025-03-31 10:30:32 | DEBUG | 生成5棵树: [(2, 3), (0, 3), (1, 0), (4, 3), (3, 0)]
2025-03-31 10:30:32 | WARNING | 未找到有效解，重新生成
2025-03-31 10:30:32 | DEBUG | 生成6棵树: [(0, 1), (2, 3), (4, 3), (2, 0), (0, 3), (4, 0)]
2025-03-31 10:30:32 | WARNING | 未找到有效解，重新生成
2025-03-31 10:30:32 | DEBUG | 生成7棵树: [(4, 1), (1, 2), (2, 0), (2, 4), (0, 4), (4, 3), (0, 0)]
2025-03-31 10:30:32 | WARNING | 未找到有效解，重新生成
2025-03-31 10:30:32 | DEBUG | 生成7棵树: [(2, 4), (2, 0), (4, 4), (4, 2), (1, 2), (0, 4), (4, 0)]
2025-03-31 10:30:32 | WARNING | 未找到有效解，重新生成
2025-03-31 10:30:32 | DEBUG | 生成7棵树: [(2, 4), (3, 0), (4, 2), (0, 1), (2, 2), (0, 4), (4, 4)]
2025-03-31 10:30:32 | WARNING | 未找到有效解，重新生成
2025-03-31 10:30:32 | DEBUG | 生成4棵树: [(3, 1), (0, 1), (1, 3), (4, 4)]
2025-03-31 10:30:32 | WARNING | 未找到有效解，重新生成
2025-03-31 10:30:32 | DEBUG | 生成7棵树: [(2, 2), (2, 0), (3, 4), (4, 0), (1, 4), (0, 2), (0, 0)]
2025-03-31 10:30:32 | WARNING | 未找到有效解，重新生成
2025-03-31 10:30:32 | DEBUG | 生成7棵树: [(3, 0), (4, 2), (2, 3), (0, 0), (0, 2), (4, 4), (0, 4)]
2025-03-31 10:30:32 | WARNING | 未找到有效解，重新生成
2025-03-31 10:30:32 | DEBUG | 生成7棵树: [(1, 4), (2, 2), (2, 0), (4, 3), (4, 1), (0, 2), (0, 0)]
2025-03-31 10:30:32 | WARNING | 未找到有效解，重新生成
2025-03-31 10:30:32 | DEBUG | 生成7棵树: [(4, 3), (0, 4), (2, 0), (0, 2), (0, 0), (4, 1), (2, 2)]
2025-03-31 10:30:32 | WARNING | 未找到有效解，重新生成
2025-03-31 10:30:32 | DEBUG | 生成6棵树: [(1, 2), (4, 0), (4, 2), (0, 4), (1, 0), (3, 4)]
2025-03-31 10:30:32 | WARNING | 未找到有效解，重新生成
2025-03-31 10:30:32 | DEBUG | 生成6棵树: [(3, 4), (0, 2), (4, 1), (2, 2), (1, 0), (1, 4)]
2025-03-31 10:30:32 | WARNING | 未找到有效解，重新生成
2025-03-31 10:30:32 | DEBUG | 生成6棵树: [(2, 4), (0, 4), (4, 2), (3, 0), (1, 1), (4, 4)]
2025-03-31 10:30:32 | WARNING | 未找到有效解，重新生成
2025-03-31 10:30:32 | DEBUG | 生成7棵树: [(1, 4), (2, 0), (4, 2), (0, 1), (3, 4), (4, 0), (2, 2)]
2025-03-31 10:30:32 | WARNING | 未找到有效解，重新生成
2025-03-31 10:30:32 | DEBUG | 生成7棵树: [(2, 0), (0, 2), (4, 3), (2, 4), (2, 2), (4, 0), (0, 4)]
2025-03-31 10:30:32 | WARNING | 未找到有效解，重新生成
2025-03-31 10:30:32 | DEBUG | 生成4棵树: [(3, 3), (1, 1), (0, 3), (3, 1)]
2025-03-31 10:30:32 | WARNING | 未找到有效解，重新生成
2025-03-31 10:30:32 | DEBUG | 生成7棵树: [(0, 4), (1, 2), (4, 2), (3, 4), (0, 0), (4, 0), (2, 0)]
2025-03-31 10:30:32 | WARNING | 未找到有效解，重新生成
2025-03-31 10:30:32 | DEBUG | 生成5棵树: [(3, 4), (0, 3), (1, 1), (4, 0), (4, 2)]
2025-03-31 10:30:32 | WARNING | 未找到有效解，重新生成
2025-03-31 10:30:32 | DEBUG | 生成7棵树: [(3, 0), (0, 4), (2, 4), (4, 3), (1, 0), (0, 2), (2, 2)]
2025-03-31 10:30:32 | WARNING | 未找到有效解，重新生成
2025-03-31 10:30:32 | DEBUG | 生成6棵树: [(2, 4), (4, 4), (1, 0), (3, 1), (0, 2), (0, 4)]
2025-03-31 10:30:32 | WARNING | 未找到有效解，重新生成
2025-03-31 10:30:32 | DEBUG | 生成4棵树: [(3, 4), (3, 1), (1, 4), (1, 1)]
2025-03-31 10:30:32 | WARNING | 未找到有效解，重新生成
2025-03-31 10:30:32 | DEBUG | 生成6棵树: [(4, 1), (4, 3), (1, 2), (1, 0), (0, 4), (2, 4)]
2025-03-31 10:30:32 | WARNING | 未找到有效解，重新生成
2025-03-31 10:30:32 | DEBUG | 生成7棵树: [(2, 3), (1, 0), (4, 2), (4, 0), (0, 2), (0, 4), (4, 4)]
2025-03-31 10:30:32 | WARNING | 未找到有效解，重新生成
2025-03-31 10:30:32 | DEBUG | 生成7棵树: [(4, 2), (4, 0), (0, 3), (2, 0), (3, 4), (0, 0), (2, 2)]
2025-03-31 10:30:32 | WARNING | 未找到有效解，重新生成
2025-03-31 10:30:32 | DEBUG | 生成7棵树: [(2, 2), (0, 4), (2, 4), (4, 1), (4, 3), (0, 1), (2, 0)]
2025-03-31 10:30:32 | WARNING | 未找到有效解，重新生成
2025-03-31 10:30:32 | DEBUG | 生成7棵树: [(3, 2), (4, 0), (2, 0), (1, 4), (0, 2), (3, 4), (0, 0)]
2025-03-31 10:30:32 | WARNING | 未找到有效解，重新生成
2025-03-31 10:30:32 | DEBUG | 生成6棵树: [(4, 0), (2, 3), (0, 3), (4, 3), (2, 1), (0, 1)]
2025-03-31 10:30:32 | WARNING | 未找到有效解，重新生成
2025-03-31 10:30:32 | DEBUG | 生成6棵树: [(2, 3), (1, 0), (4, 1), (0, 2), (4, 4), (0, 4)]
2025-03-31 10:30:32 | WARNING | 未找到有效解，重新生成
2025-03-31 10:30:32 | DEBUG | 生成7棵树: [(4, 4), (1, 4), (3, 0), (0, 2), (2, 2), (0, 0), (4, 2)]
2025-03-31 10:30:32 | WARNING | 未找到有效解，重新生成
2025-03-31 10:30:32 | DEBUG | 生成6棵树: [(0, 2), (3, 1), (2, 3), (4, 4), (0, 4), (1, 0)]
2025-03-31 10:30:32 | WARNING | 未找到有效解，重新生成
2025-03-31 10:30:32 | DEBUG | 生成5棵树: [(1, 4), (3, 3), (3, 0), (1, 2), (0, 0)]
2025-03-31 10:30:32 | WARNING | 未找到有效解，重新生成
2025-03-31 10:30:32 | DEBUG | 生成6棵树: [(3, 4), (4, 0), (0, 1), (1, 3), (3, 2), (2, 0)]
2025-03-31 10:30:32 | WARNING | 未找到有效解，重新生成
2025-03-31 10:30:32 | DEBUG | 生成7棵树: [(0, 0), (4, 1), (2, 4), (4, 4), (2, 2), (0, 2), (2, 0)]
2025-03-31 10:30:32 | WARNING | 未找到有效解，重新生成
2025-03-31 10:30:32 | DEBUG | 生成6棵树: [(1, 2), (4, 1), (4, 3), (2, 0), (0, 0), (1, 4)]
2025-03-31 10:30:32 | WARNING | 未找到有效解，重新生成
2025-03-31 10:30:32 | DEBUG | 生成4棵树: [(3, 3), (1, 1), (1, 4), (4, 1)]
2025-03-31 10:30:32 | WARNING | 未找到有效解，重新生成
2025-03-31 10:30:32 | DEBUG | 生成7棵树: [(2, 2), (3, 4), (1, 4), (4, 1), (2, 0), (0, 2), (0, 0)]
2025-03-31 10:30:32 | WARNING | 未找到有效解，重新生成
2025-03-31 10:30:32 | DEBUG | 生成6棵树: [(4, 1), (1, 0), (2, 3), (4, 3), (0, 4), (0, 2)]
2025-03-31 10:30:32 | WARNING | 未找到有效解，重新生成
2025-03-31 10:30:32 | DEBUG | 生成6棵树: [(1, 1), (0, 4), (4, 2), (4, 0), (2, 3), (4, 4)]
2025-03-31 10:30:32 | WARNING | 未找到有效解，重新生成
2025-03-31 10:30:32 | DEBUG | 生成6棵树: [(2, 3), (1, 1), (4, 0), (0, 4), (4, 2), (4, 4)]
2025-03-31 10:30:32 | WARNING | 未找到有效解，重新生成
2025-03-31 10:30:32 | DEBUG | 生成7棵树: [(1, 2), (2, 4), (1, 0), (4, 4), (3, 2), (0, 4), (3, 0)]
2025-03-31 10:30:32 | WARNING | 未找到有效解，重新生成
2025-03-31 10:30:32 | DEBUG | 生成6棵树: [(0, 2), (3, 0), (3, 4), (3, 2), (1, 4), (1, 0)]
2025-03-31 10:30:32 | WARNING | 未找到有效解，重新生成
2025-03-31 10:30:32 | DEBUG | 生成7棵树: [(3, 4), (1, 2), (4, 0), (2, 0), (1, 4), (0, 0), (3, 2)]
2025-03-31 10:30:32 | WARNING | 未找到有效解，重新生成
2025-03-31 10:30:32 | DEBUG | 生成6棵树: [(3, 0), (2, 4), (1, 1), (4, 4), (0, 4), (3, 2)]
2025-03-31 10:30:32 | WARNING | 未找到有效解，重新生成
2025-03-31 10:30:32 | DEBUG | 生成5棵树: [(3, 1), (4, 3), (0, 1), (0, 4), (2, 4)]
2025-03-31 10:30:32 | WARNING | 未找到有效解，重新生成
2025-03-31 10:30:32 | DEBUG | 生成6棵树: [(4, 3), (4, 0), (2, 1), (2, 3), (0, 1), (0, 4)]
2025-03-31 10:30:32 | WARNING | 未找到有效解，重新生成
2025-03-31 10:30:32 | DEBUG | 生成7棵树: [(4, 3), (0, 0), (2, 4), (0, 3), (2, 0), (4, 1), (2, 2)]
2025-03-31 10:30:32 | WARNING | 未找到有效解，重新生成
2025-03-31 10:30:32 | DEBUG | 生成5棵树: [(3, 3), (2, 1), (0, 3), (0, 0), (4, 0)]
2025-03-31 10:30:32 | WARNING | 未找到有效解，重新生成
2025-03-31 10:30:32 | DEBUG | 生成5棵树: [(3, 3), (3, 0), (1, 4), (0, 0), (1, 2)]
2025-03-31 10:30:32 | WARNING | 未找到有效解，重新生成
2025-03-31 10:30:32 | DEBUG | 生成7棵树: [(3, 0), (2, 4), (0, 2), (0, 4), (0, 0), (4, 4), (3, 2)]
2025-03-31 10:30:32 | WARNING | 未找到有效解，重新生成
2025-03-31 10:30:32 | DEBUG | 生成7棵树: [(2, 0), (1, 4), (2, 2), (4, 3), (4, 1), (0, 2), (0, 0)]
2025-03-31 10:30:32 | WARNING | 未找到有效解，重新生成
2025-03-31 10:30:32 | DEBUG | 生成5棵树: [(0, 4), (1, 1), (3, 2), (3, 4), (3, 0)]
2025-03-31 10:30:32 | WARNING | 未找到有效解，重新生成
2025-03-31 10:30:32 | DEBUG | 生成7棵树: [(2, 2), (4, 4), (1, 0), (4, 2), (4, 0), (0, 4), (0, 2)]
2025-03-31 10:30:32 | WARNING | 未找到有效解，重新生成
2025-03-31 10:30:32 | DEBUG | 生成6棵树: [(4, 2), (1, 1), (0, 4), (2, 4), (4, 4), (3, 0)]
2025-03-31 10:30:32 | WARNING | 未找到有效解，重新生成
2025-03-31 10:30:32 | DEBUG | 生成5棵树: [(4, 1), (2, 1), (0, 0), (3, 4), (0, 3)]
2025-03-31 10:30:32 | WARNING | 未找到有效解，重新生成
2025-03-31 10:30:32 | DEBUG | 生成6棵树: [(3, 3), (0, 2), (0, 0), (2, 0), (4, 0), (1, 4)]
2025-03-31 10:30:32 | WARNING | 未找到有效解，重新生成
2025-03-31 10:30:32 | DEBUG | 生成6棵树: [(3, 3), (0, 0), (0, 2), (4, 1), (0, 4), (2, 0)]
2025-03-31 10:30:32 | WARNING | 未找到有效解，重新生成
2025-03-31 10:30:32 | DEBUG | 生成7棵树: [(1, 2), (3, 2), (2, 0), (2, 4), (4, 0), (0, 4), (4, 4)]
2025-03-31 10:30:32 | WARNING | 未找到有效解，重新生成
2025-03-31 10:30:32 | DEBUG | 生成7棵树: [(2, 1), (1, 4), (0, 0), (4, 0), (3, 4), (4, 2), (0, 2)]
2025-03-31 10:30:32 | WARNING | 未找到有效解，重新生成
2025-03-31 10:30:32 | DEBUG | 生成5棵树: [(1, 0), (0, 3), (4, 1), (3, 4), (2, 2)]
2025-03-31 10:30:32 | WARNING | 未找到有效解，重新生成
2025-03-31 10:30:32 | DEBUG | 生成6棵树: [(2, 3), (3, 0), (0, 0), (4, 4), (0, 3), (4, 2)]
2025-03-31 10:30:32 | WARNING | 未找到有效解，重新生成
2025-03-31 10:30:32 | DEBUG | 生成6棵树: [(0, 2), (3, 3), (2, 1), (4, 0), (1, 4), (0, 0)]
2025-03-31 10:30:32 | WARNING | 未找到有效解，重新生成
2025-03-31 10:30:32 | DEBUG | 生成7棵树: [(4, 2), (2, 3), (2, 1), (0, 4), (0, 1), (4, 0), (4, 4)]
2025-03-31 10:30:32 | WARNING | 未找到有效解，重新生成
2025-03-31 10:30:32 | DEBUG | 生成7棵树: [(3, 2), (2, 0), (1, 2), (3, 4), (0, 0), (0, 4), (4, 0)]
2025-03-31 10:30:32 | WARNING | 未找到有效解，重新生成
2025-03-31 10:30:32 | DEBUG | 生成7棵树: [(2, 1), (4, 0), (2, 4), (0, 2), (4, 4), (4, 2), (0, 4)]
2025-03-31 10:30:32 | WARNING | 未找到有效解，重新生成
2025-03-31 10:30:32 | DEBUG | 生成7棵树: [(4, 0), (2, 3), (1, 0), (0, 2), (4, 4), (0, 4), (4, 2)]
2025-03-31 10:30:32 | WARNING | 未找到有效解，重新生成
2025-03-31 10:30:32 | DEBUG | 生成6棵树: [(4, 3), (2, 4), (3, 1), (1, 2), (1, 0), (0, 4)]
2025-03-31 10:30:32 | WARNING | 未找到有效解，重新生成
2025-03-31 10:30:32 | DEBUG | 生成4棵树: [(4, 4), (1, 0), (4, 1), (1, 3)]
2025-03-31 10:30:32 | WARNING | 未找到有效解，重新生成
2025-03-31 10:30:32 | DEBUG | 生成7棵树: [(0, 1), (4, 2), (3, 0), (2, 2), (2, 4), (0, 3), (4, 4)]
2025-03-31 10:30:32 | WARNING | 未找到有效解，重新生成
2025-03-31 10:30:32 | DEBUG | 生成5棵树: [(1, 0), (3, 0), (1, 3), (4, 2), (4, 4)]
2025-03-31 10:30:32 | WARNING | 未找到有效解，重新生成
2025-03-31 10:30:32 | DEBUG | 生成7棵树: [(3, 4), (1, 0), (0, 2), (4, 0), (4, 2), (2, 2), (1, 4)]
2025-03-31 10:30:32 | WARNING | 未找到有效解，重新生成
2025-03-31 10:30:32 | DEBUG | 生成7棵树: [(1, 2), (0, 4), (4, 2), (2, 4), (2, 0), (4, 0), (4, 4)]
2025-03-31 10:30:32 | WARNING | 未找到有效解，重新生成
2025-03-31 10:30:32 | DEBUG | 生成6棵树: [(3, 4), (4, 1), (2, 0), (0, 4), (1, 2), (0, 0)]
2025-03-31 10:30:32 | WARNING | 未找到有效解，重新生成
2025-03-31 10:30:32 | DEBUG | 生成7棵树: [(4, 4), (0, 2), (0, 4), (2, 2), (2, 4), (3, 0), (0, 0)]
2025-03-31 10:30:32 | WARNING | 未找到有效解，重新生成
2025-03-31 10:30:32 | DEBUG | 生成7棵树: [(2, 0), (1, 4), (0, 2), (3, 2), (3, 4), (4, 0), (0, 0)]
2025-03-31 10:30:32 | WARNING | 未找到有效解，重新生成
2025-03-31 10:30:32 | DEBUG | 生成6棵树: [(4, 3), (0, 3), (3, 0), (2, 2), (0, 0), (2, 4)]
2025-03-31 10:30:32 | WARNING | 未找到有效解，重新生成
2025-03-31 10:30:32 | DEBUG | 生成6棵树: [(3, 2), (0, 4), (0, 1), (3, 4), (4, 0), (2, 0)]
2025-03-31 10:30:32 | WARNING | 未找到有效解，重新生成
2025-03-31 10:30:32 | DEBUG | 生成7棵树: [(1, 4), (0, 2), (3, 4), (4, 1), (2, 2), (0, 0), (2, 0)]
2025-03-31 10:30:32 | WARNING | 未找到有效解，重新生成
2025-03-31 10:30:32 | DEBUG | 生成7棵树: [(0, 1), (1, 4), (4, 4), (2, 0), (2, 2), (4, 2), (4, 0)]
2025-03-31 10:30:32 | WARNING | 未找到有效解，重新生成
2025-03-31 10:30:32 | DEBUG | 生成4棵树: [(3, 1), (1, 1), (3, 4), (0, 3)]
2025-03-31 10:30:32 | WARNING | 未找到有效解，重新生成
2025-03-31 10:30:32 | DEBUG | 生成6棵树: [(1, 1), (0, 3), (4, 4), (4, 2), (3, 0), (2, 4)]
2025-03-31 10:30:32 | WARNING | 未找到有效解，重新生成
2025-03-31 10:30:32 | DEBUG | 生成5棵树: [(3, 1), (3, 3), (0, 4), (1, 2), (1, 0)]
2025-03-31 10:30:32 | WARNING | 未找到有效解，重新生成
2025-03-31 10:30:32 | DEBUG | 生成7棵树: [(0, 2), (2, 2), (4, 1), (2, 0), (0, 4), (3, 4), (0, 0)]
2025-03-31 10:30:32 | WARNING | 未找到有效解，重新生成
2025-03-31 10:30:32 | DEBUG | 生成4棵树: [(1, 3), (0, 0), (3, 1), (3, 4)]
2025-03-31 10:30:32 | WARNING | 未找到有效解，重新生成
2025-03-31 10:30:32 | DEBUG | 生成6棵树: [(1, 0), (4, 3), (0, 3), (4, 0), (2, 4), (2, 2)]
2025-03-31 10:30:32 | WARNING | 未找到有效解，重新生成
2025-03-31 10:30:32 | DEBUG | 生成5棵树: [(3, 3), (0, 1), (1, 3), (4, 0), (2, 0)]
2025-03-31 10:30:32 | WARNING | 未找到有效解，重新生成
2025-03-31 10:30:32 | DEBUG | 生成5棵树: [(0, 1), (3, 3), (1, 4), (4, 0), (2, 1)]
2025-03-31 10:30:32 | WARNING | 未找到有效解，重新生成
2025-03-31 10:30:32 | DEBUG | 生成6棵树: [(3, 4), (1, 0), (1, 4), (4, 0), (0, 2), (3, 2)]
2025-03-31 10:30:32 | WARNING | 未找到有效解，重新生成
2025-03-31 10:30:32 | DEBUG | 生成6棵树: [(4, 4), (1, 1), (0, 3), (2, 4), (3, 2), (4, 0)]
2025-03-31 10:30:32 | WARNING | 未找到有效解，重新生成
2025-03-31 10:30:32 | DEBUG | 生成7棵树: [(0, 1), (2, 2), (0, 3), (4, 4), (3, 0), (4, 2), (2, 4)]
2025-03-31 10:30:32 | WARNING | 未找到有效解，重新生成
2025-03-31 10:30:32 | DEBUG | 生成7棵树: [(2, 3), (2, 0), (0, 1), (4, 2), (0, 3), (4, 4), (4, 0)]
2025-03-31 10:30:32 | WARNING | 未找到有效解，重新生成
2025-03-31 10:30:32 | DEBUG | 生成7棵树: [(0, 0), (2, 2), (0, 4), (3, 0), (4, 4), (2, 4), (0, 2)]
2025-03-31 10:30:32 | WARNING | 未找到有效解，重新生成
2025-03-31 10:30:32 | DEBUG | 生成7棵树: [(4, 0), (3, 4), (1, 0), (1, 4), (0, 2), (2, 2), (4, 2)]
2025-03-31 10:30:32 | WARNING | 未找到有效解，重新生成
2025-03-31 10:30:32 | DEBUG | 生成5棵树: [(0, 4), (3, 4), (1, 1), (3, 2), (3, 0)]
2025-03-31 10:30:32 | WARNING | 未找到有效解，重新生成
2025-03-31 10:30:32 | DEBUG | 生成6棵树: [(4, 0), (0, 1), (1, 4), (3, 4), (3, 2), (2, 0)]
2025-03-31 10:30:32 | WARNING | 未找到有效解，重新生成
2025-03-31 10:30:32 | DEBUG | 生成7棵树: [(2, 4), (2, 2), (4, 1), (0, 1), (0, 4), (4, 4), (2, 0)]
2025-03-31 10:30:32 | WARNING | 未找到有效解，重新生成
2025-03-31 10:30:32 | DEBUG | 生成7棵树: [(0, 4), (3, 2), (0, 2), (4, 4), (0, 0), (2, 4), (2, 0)]
2025-03-31 10:30:32 | WARNING | 未找到有效解，重新生成
2025-03-31 10:30:32 | DEBUG | 生成6棵树: [(3, 2), (3, 4), (1, 0), (0, 4), (4, 0), (0, 2)]
2025-03-31 10:30:32 | WARNING | 未找到有效解，重新生成
2025-03-31 10:30:32 | DEBUG | 生成4棵树: [(1, 0), (0, 3), (3, 4), (3, 1)]
2025-03-31 10:30:32 | WARNING | 未找到有效解，重新生成
2025-03-31 10:30:32 | DEBUG | 生成5棵树: [(1, 0), (3, 3), (3, 0), (1, 4), (0, 2)]
2025-03-31 10:30:32 | WARNING | 未找到有效解，重新生成
2025-03-31 10:30:32 | DEBUG | 生成5棵树: [(3, 2), (3, 0), (0, 4), (3, 4), (1, 1)]
2025-03-31 10:30:32 | WARNING | 未找到有效解，重新生成
2025-03-31 10:30:32 | DEBUG | 生成7棵树: [(2, 0), (0, 3), (4, 2), (0, 0), (3, 4), (4, 0), (2, 2)]
2025-03-31 10:30:32 | WARNING | 未找到有效解，重新生成
2025-03-31 10:30:32 | DEBUG | 生成7棵树: [(2, 2), (4, 0), (0, 1), (2, 4), (0, 4), (4, 3), (2, 0)]
2025-03-31 10:30:32 | WARNING | 未找到有效解，重新生成
2025-03-31 10:30:32 | DEBUG | 生成7棵树: [(2, 4), (3, 0), (1, 2), (0, 4), (0, 0), (4, 4), (4, 2)]
2025-03-31 10:30:32 | WARNING | 未找到有效解，重新生成
2025-03-31 10:30:32 | DEBUG | 生成6棵树: [(0, 3), (2, 4), (3, 0), (0, 1), (4, 3), (2, 2)]
2025-03-31 10:30:32 | WARNING | 未找到有效解，重新生成
2025-03-31 10:30:32 | DEBUG | 生成7棵树: [(4, 3), (1, 2), (2, 0), (4, 0), (0, 4), (0, 0), (2, 4)]
2025-03-31 10:30:32 | WARNING | 未找到有效解，重新生成
2025-03-31 10:30:32 | DEBUG | 生成7棵树: [(4, 4), (2, 0), (2, 4), (2, 2), (4, 1), (0, 0), (0, 2)]
2025-03-31 10:30:32 | WARNING | 未找到有效解，重新生成
2025-03-31 10:30:32 | DEBUG | 生成6棵树: [(4, 3), (0, 1), (2, 2), (3, 0), (0, 4), (2, 4)]
2025-03-31 10:30:32 | WARNING | 未找到有效解，重新生成
2025-03-31 10:30:32 | DEBUG | 生成6棵树: [(3, 2), (3, 4), (1, 3), (0, 0), (4, 0), (2, 0)]
2025-03-31 10:30:32 | WARNING | 未找到有效解，重新生成
2025-03-31 10:30:32 | DEBUG | 生成7棵树: [(2, 0), (3, 4), (0, 0), (4, 2), (2, 2), (0, 2), (0, 4)]
2025-03-31 10:30:32 | WARNING | 未找到有效解，重新生成
2025-03-31 10:30:32 | DEBUG | 生成7棵树: [(4, 3), (2, 0), (1, 4), (4, 0), (0, 0), (2, 2), (0, 2)]
2025-03-31 10:30:32 | WARNING | 未找到有效解，重新生成
2025-03-31 10:30:32 | DEBUG | 生成7棵树: [(4, 3), (0, 4), (2, 2), (4, 0), (0, 2), (0, 0), (2, 0)]
2025-03-31 10:30:32 | WARNING | 未找到有效解，重新生成
2025-03-31 10:30:32 | DEBUG | 生成5棵树: [(4, 0), (1, 1), (3, 4), (1, 3), (4, 2)]
2025-03-31 10:30:32 | WARNING | 未找到有效解，重新生成
2025-03-31 10:30:32 | DEBUG | 生成5棵树: [(2, 0), (3, 4), (0, 1), (4, 1), (1, 3)]
2025-03-31 10:30:32 | WARNING | 未找到有效解，重新生成
2025-03-31 10:30:32 | DEBUG | 生成7棵树: [(4, 2), (4, 0), (1, 0), (0, 4), (2, 2), (3, 4), (0, 2)]
2025-03-31 10:30:32 | WARNING | 未找到有效解，重新生成
2025-03-31 10:30:32 | DEBUG | 生成6棵树: [(2, 0), (1, 4), (4, 1), (0, 0), (3, 3), (0, 2)]
2025-03-31 10:30:32 | WARNING | 未找到有效解，重新生成
2025-03-31 10:30:32 | DEBUG | 生成5棵树: [(1, 4), (1, 1), (4, 2), (3, 0), (4, 4)]
2025-03-31 10:30:32 | WARNING | 未找到有效解，重新生成
2025-03-31 10:30:32 | DEBUG | 生成5棵树: [(4, 0), (1, 4), (3, 4), (4, 2), (1, 1)]
2025-03-31 10:30:32 | WARNING | 未找到有效解，重新生成
2025-03-31 10:30:32 | DEBUG | 生成7棵树: [(2, 0), (2, 2), (4, 2), (4, 4), (0, 2), (4, 0), (0, 4)]
2025-03-31 10:30:32 | WARNING | 未找到有效解，重新生成
2025-03-31 10:30:32 | DEBUG | 生成5棵树: [(4, 0), (1, 1), (4, 2), (1, 4), (3, 4)]
2025-03-31 10:30:32 | WARNING | 未找到有效解，重新生成
2025-03-31 10:30:32 | DEBUG | 生成5棵树: [(1, 3), (2, 1), (4, 3), (4, 1), (0, 0)]
2025-03-31 10:30:32 | WARNING | 未找到有效解，重新生成
2025-03-31 10:30:32 | DEBUG | 生成7棵树: [(2, 1), (0, 3), (4, 2), (2, 4), (0, 0), (4, 4), (4, 0)]
2025-03-31 10:30:32 | WARNING | 未找到有效解，重新生成
2025-03-31 10:30:32 | DEBUG | 生成6棵树: [(3, 2), (3, 0), (0, 0), (1, 4), (0, 2), (3, 4)]
2025-03-31 10:30:32 | WARNING | 未找到有效解，重新生成
2025-03-31 10:30:32 | DEBUG | 生成7棵树: [(0, 2), (2, 2), (0, 4), (4, 1), (1, 0), (4, 3), (2, 4)]
2025-03-31 10:30:32 | WARNING | 未找到有效解，重新生成
2025-03-31 10:30:32 | DEBUG | 生成6棵树: [(2, 4), (1, 0), (3, 2), (0, 3), (4, 0), (4, 4)]
2025-03-31 10:30:32 | WARNING | 未找到有效解，重新生成
2025-03-31 10:30:32 | DEBUG | 生成7棵树: [(4, 4), (2, 0), (2, 2), (0, 4), (0, 0), (2, 4), (0, 2)]
2025-03-31 10:30:32 | WARNING | 未找到有效解，重新生成
2025-03-31 10:30:32 | DEBUG | 生成6棵树: [(0, 3), (4, 1), (2, 2), (1, 0), (2, 4), (4, 3)]
2025-03-31 10:30:32 | WARNING | 未找到有效解，重新生成
2025-03-31 10:30:32 | DEBUG | 生成5棵树: [(0, 0), (3, 2), (3, 0), (3, 4), (0, 3)]
2025-03-31 10:30:32 | WARNING | 未找到有效解，重新生成
2025-03-31 10:30:32 | DEBUG | 生成6棵树: [(4, 3), (0, 3), (1, 0), (2, 4), (2, 2), (4, 0)]
2025-03-31 10:30:32 | WARNING | 未找到有效解，重新生成
2025-03-31 10:30:32 | DEBUG | 生成6棵树: [(1, 0), (4, 4), (3, 1), (2, 4), (1, 2), (0, 4)]
2025-03-31 10:30:32 | WARNING | 未找到有效解，重新生成
2025-03-31 10:30:32 | DEBUG | 生成6棵树: [(1, 0), (0, 2), (4, 3), (1, 4), (2, 2), (4, 0)]
2025-03-31 10:30:32 | WARNING | 未找到有效解，重新生成
2025-03-31 10:30:32 | DEBUG | 生成6棵树: [(1, 0), (3, 0), (3, 4), (2, 2), (4, 2), (0, 3)]
2025-03-31 10:30:32 | WARNING | 未找到有效解，重新生成
2025-03-31 10:30:32 | DEBUG | 生成6棵树: [(0, 1), (2, 1), (3, 4), (1, 3), (4, 2), (4, 0)]
2025-03-31 10:30:32 | WARNING | 未找到有效解，重新生成
2025-03-31 10:30:32 | DEBUG | 生成5棵树: [(1, 3), (3, 0), (3, 4), (3, 2), (0, 0)]
2025-03-31 10:30:32 | WARNING | 未找到有效解，重新生成
2025-03-31 10:30:32 | DEBUG | 生成7棵树: [(4, 4), (2, 2), (4, 2), (0, 3), (2, 0), (0, 1), (2, 4)]
2025-03-31 10:30:32 | WARNING | 未找到有效解，重新生成
2025-03-31 10:30:32 | DEBUG | 生成7棵树: [(2, 4), (4, 2), (1, 2), (4, 0), (4, 4), (0, 0), (2, 0)]
2025-03-31 10:30:32 | WARNING | 未找到有效解，重新生成
2025-03-31 10:30:32 | DEBUG | 生成5棵树: [(4, 2), (1, 3), (1, 1), (3, 4), (4, 0)]
2025-03-31 10:30:32 | WARNING | 未找到有效解，重新生成
2025-03-31 10:30:32 | DEBUG | 生成7棵树: [(2, 1), (2, 3), (0, 3), (4, 4), (4, 2), (0, 1), (4, 0)]
2025-03-31 10:30:32 | WARNING | 未找到有效解，重新生成
2025-03-31 10:30:32 | DEBUG | 生成6棵树: [(4, 4), (4, 1), (1, 4), (2, 1), (0, 2), (0, 0)]
2025-03-31 10:30:32 | WARNING | 未找到有效解，重新生成
2025-03-31 10:30:32 | DEBUG | 生成6棵树: [(1, 2), (4, 1), (0, 0), (2, 0), (3, 3), (1, 4)]
2025-03-31 10:30:32 | WARNING | 未找到有效解，重新生成
2025-03-31 10:30:32 | DEBUG | 生成7棵树: [(2, 0), (0, 2), (1, 4), (2, 2), (4, 4), (4, 2), (4, 0)]
2025-03-31 10:30:32 | WARNING | 未找到有效解，重新生成
2025-03-31 10:30:32 | DEBUG | 生成7棵树: [(2, 4), (0, 4), (2, 0), (2, 2), (4, 2), (4, 0), (0, 1)]
2025-03-31 10:30:32 | WARNING | 未找到有效解，重新生成
2025-03-31 10:30:32 | DEBUG | 生成7棵树: [(2, 2), (4, 4), (0, 0), (4, 2), (4, 0), (2, 0), (0, 4)]
2025-03-31 10:30:32 | WARNING | 未找到有效解，重新生成
2025-03-31 10:30:32 | DEBUG | 生成7棵树: [(0, 1), (4, 0), (0, 4), (2, 2), (2, 4), (4, 3), (2, 0)]
2025-03-31 10:30:32 | WARNING | 未找到有效解，重新生成
2025-03-31 10:30:32 | DEBUG | 生成7棵树: [(2, 3), (4, 2), (4, 4), (2, 1), (0, 0), (4, 0), (0, 3)]
2025-03-31 10:30:32 | WARNING | 未找到有效解，重新生成
2025-03-31 10:30:32 | DEBUG | 生成6棵树: [(4, 1), (3, 4), (2, 2), (0, 1), (0, 4), (2, 0)]
2025-03-31 10:30:32 | WARNING | 未找到有效解，重新生成
2025-03-31 10:30:32 | DEBUG | 生成7棵树: [(0, 2), (2, 3), (2, 1), (4, 0), (4, 4), (0, 0), (0, 4)]
2025-03-31 10:30:32 | WARNING | 未找到有效解，重新生成
2025-03-31 10:30:32 | DEBUG | 生成6棵树: [(4, 3), (0, 3), (0, 1), (4, 0), (2, 3), (2, 1)]
2025-03-31 10:30:32 | WARNING | 未找到有效解，重新生成
2025-03-31 10:30:32 | DEBUG | 生成7棵树: [(4, 2), (4, 4), (2, 3), (0, 2), (0, 4), (0, 0), (2, 0)]
2025-03-31 10:30:32 | WARNING | 未找到有效解，重新生成
2025-03-31 10:30:32 | DEBUG | 生成6棵树: [(0, 1), (0, 3), (3, 2), (4, 0), (3, 4), (2, 0)]
2025-03-31 10:30:32 | WARNING | 未找到有效解，重新生成
2025-03-31 10:30:32 | DEBUG | 生成4棵树: [(0, 1), (3, 4), (3, 1), (0, 4)]
2025-03-31 10:30:32 | WARNING | 未找到有效解，重新生成
2025-03-31 10:30:32 | DEBUG | 生成7棵树: [(2, 3), (4, 2), (4, 4), (0, 3), (2, 1), (0, 1), (4, 0)]
2025-03-31 10:30:32 | WARNING | 未找到有效解，重新生成
2025-03-31 10:30:32 | DEBUG | 生成6棵树: [(3, 4), (1, 0), (2, 2), (1, 4), (4, 1), (0, 2)]
2025-03-31 10:30:32 | WARNING | 未找到有效解，重新生成
2025-03-31 10:30:32 | DEBUG | 生成5棵树: [(3, 1), (3, 3), (0, 0), (1, 4), (0, 2)]
2025-03-31 10:30:32 | WARNING | 未找到有效解，重新生成
2025-03-31 10:30:32 | DEBUG | 生成6棵树: [(3, 3), (2, 0), (0, 2), (4, 0), (1, 4), (0, 0)]
2025-03-31 10:30:32 | WARNING | 未找到有效解，重新生成
2025-03-31 10:30:32 | DEBUG | 生成7棵树: [(3, 0), (0, 2), (0, 0), (4, 2), (2, 3), (0, 4), (4, 4)]
2025-03-31 10:30:32 | WARNING | 未找到有效解，重新生成
2025-03-31 10:30:32 | DEBUG | 生成6棵树: [(1, 2), (4, 0), (3, 4), (1, 0), (0, 4), (4, 2)]
2025-03-31 10:30:32 | WARNING | 未找到有效解，重新生成
2025-03-31 10:30:32 | DEBUG | 生成4棵树: [(1, 3), (3, 1), (0, 1), (4, 3)]
2025-03-31 10:30:32 | WARNING | 未找到有效解，重新生成
2025-03-31 10:30:32 | DEBUG | 生成6棵树: [(0, 4), (3, 1), (1, 2), (0, 0), (4, 3), (2, 4)]
2025-03-31 10:30:32 | WARNING | 未找到有效解，重新生成
2025-03-31 10:30:32 | DEBUG | 生成6棵树: [(0, 1), (2, 1), (4, 4), (4, 1), (2, 4), (0, 4)]
2025-03-31 10:30:32 | WARNING | 未找到有效解，重新生成
2025-03-31 10:30:32 | DEBUG | 生成5棵树: [(3, 1), (1, 0), (4, 3), (0, 3), (2, 4)]
2025-03-31 10:30:32 | WARNING | 未找到有效解，重新生成
2025-03-31 10:30:32 | DEBUG | 生成7棵树: [(4, 2), (2, 2), (1, 0), (1, 4), (4, 4), (4, 0), (0, 2)]
2025-03-31 10:30:32 | WARNING | 未找到有效解，重新生成
2025-03-31 10:30:32 | DEBUG | 生成5棵树: [(0, 3), (4, 3), (4, 0), (2, 3), (1, 1)]
2025-03-31 10:30:32 | WARNING | 未找到有效解，重新生成
2025-03-31 10:30:32 | DEBUG | 生成7棵树: [(4, 4), (1, 0), (1, 4), (0, 2), (4, 2), (3, 0), (2, 2)]
2025-03-31 10:30:32 | WARNING | 未找到有效解，重新生成
2025-03-31 10:30:32 | DEBUG | 生成6棵树: [(2, 3), (3, 0), (1, 0), (4, 3), (0, 4), (0, 2)]
2025-03-31 10:30:32 | WARNING | 未找到有效解，重新生成
2025-03-31 10:30:32 | DEBUG | 生成5棵树: [(1, 2), (0, 0), (1, 4), (3, 3), (3, 0)]
2025-03-31 10:30:32 | WARNING | 未找到有效解，重新生成
2025-03-31 10:30:32 | DEBUG | 生成6棵树: [(0, 1), (4, 1), (4, 4), (2, 3), (0, 4), (2, 1)]
2025-03-31 10:30:32 | WARNING | 未找到有效解，重新生成
2025-03-31 10:30:32 | DEBUG | 生成6棵树: [(0, 3), (4, 2), (1, 0), (3, 0), (3, 4), (2, 2)]
2025-03-31 10:30:32 | WARNING | 未找到有效解，重新生成
2025-03-31 10:30:32 | DEBUG | 生成5棵树: [(2, 4), (4, 3), (0, 0), (3, 1), (0, 3)]
2025-03-31 10:30:32 | WARNING | 未找到有效解，重新生成
2025-03-31 10:30:32 | DEBUG | 生成4棵树: [(3, 1), (1, 4), (0, 1), (4, 3)]
2025-03-31 10:30:32 | WARNING | 未找到有效解，重新生成
2025-03-31 10:30:32 | DEBUG | 生成5棵树: [(3, 3), (4, 1), (0, 3), (2, 0), (0, 0)]
2025-03-31 10:30:32 | WARNING | 未找到有效解，重新生成
2025-03-31 10:30:32 | DEBUG | 生成5棵树: [(3, 4), (1, 3), (4, 1), (0, 0), (2, 0)]
2025-03-31 10:30:32 | WARNING | 未找到有效解，重新生成
2025-03-31 10:30:32 | DEBUG | 生成4棵树: [(3, 3), (1, 1), (3, 0), (1, 4)]
2025-03-31 10:30:32 | WARNING | 未找到有效解，重新生成
2025-03-31 10:30:32 | DEBUG | 生成5棵树: [(0, 0), (2, 0), (0, 3), (4, 1), (3, 3)]
2025-03-31 10:30:32 | WARNING | 未找到有效解，重新生成
2025-03-31 10:30:32 | DEBUG | 生成7棵树: [(2, 2), (2, 0), (2, 4), (0, 1), (4, 3), (4, 1), (0, 4)]
2025-03-31 10:30:32 | WARNING | 未找到有效解，重新生成
2025-03-31 10:30:32 | DEBUG | 生成6棵树: [(3, 2), (1, 4), (1, 0), (4, 4), (4, 0), (0, 2)]
2025-03-31 10:30:32 | WARNING | 未找到有效解，重新生成
2025-03-31 10:30:32 | DEBUG | 生成7棵树: [(3, 0), (1, 4), (3, 4), (0, 2), (2, 2), (0, 0), (4, 2)]
2025-03-31 10:30:32 | WARNING | 未找到有效解，重新生成
2025-03-31 10:30:32 | DEBUG | 生成7棵树: [(2, 2), (4, 4), (2, 4), (4, 1), (0, 1), (0, 4), (2, 0)]
2025-03-31 10:30:32 | WARNING | 未找到有效解，重新生成
2025-03-31 10:30:32 | DEBUG | 生成6棵树: [(3, 4), (2, 1), (0, 2), (4, 1), (1, 4), (0, 0)]
2025-03-31 10:30:32 | WARNING | 未找到有效解，重新生成
2025-03-31 10:30:32 | DEBUG | 生成7棵树: [(4, 4), (3, 0), (2, 2), (0, 0), (0, 2), (0, 4), (2, 4)]
2025-03-31 10:30:32 | WARNING | 未找到有效解，重新生成
2025-03-31 10:30:32 | DEBUG | 生成4棵树: [(1, 3), (3, 0), (4, 3), (0, 0)]
2025-03-31 10:30:32 | WARNING | 未找到有效解，重新生成
2025-03-31 10:30:32 | DEBUG | 生成5棵树: [(1, 3), (2, 1), (3, 3), (0, 1), (4, 1)]
2025-03-31 10:30:32 | WARNING | 未找到有效解，重新生成
2025-03-31 10:30:32 | DEBUG | 生成7棵树: [(0, 2), (2, 4), (0, 0), (2, 1), (4, 0), (4, 3), (0, 4)]
2025-03-31 10:30:32 | WARNING | 未找到有效解，重新生成
2025-03-31 10:30:32 | DEBUG | 生成6棵树: [(4, 4), (4, 1), (2, 4), (0, 1), (2, 1), (0, 3)]
2025-03-31 10:30:32 | WARNING | 未找到有效解，重新生成
2025-03-31 10:30:32 | DEBUG | 生成5棵树: [(2, 3), (0, 0), (3, 0), (4, 3), (0, 3)]
2025-03-31 10:30:32 | WARNING | 未找到有效解，重新生成
2025-03-31 10:30:32 | DEBUG | 生成6棵树: [(1, 0), (3, 4), (0, 3), (2, 2), (3, 0), (4, 2)]
2025-03-31 10:30:32 | WARNING | 未找到有效解，重新生成
2025-03-31 10:30:32 | DEBUG | 生成6棵树: [(0, 2), (1, 4), (4, 4), (2, 1), (4, 1), (0, 0)]
2025-03-31 10:30:32 | WARNING | 未找到有效解，重新生成
2025-03-31 10:30:32 | DEBUG | 生成7棵树: [(0, 2), (3, 0), (2, 3), (4, 2), (1, 0), (0, 4), (4, 4)]
2025-03-31 10:30:32 | WARNING | 未找到有效解，重新生成
2025-03-31 10:30:32 | DEBUG | 生成4棵树: [(1, 3), (0, 0), (3, 1), (3, 3)]
2025-03-31 10:30:32 | WARNING | 未找到有效解，重新生成
2025-03-31 10:30:32 | DEBUG | 生成4棵树: [(3, 3), (1, 1), (4, 0), (1, 3)]
2025-03-31 10:30:32 | WARNING | 未找到有效解，重新生成
2025-03-31 10:30:32 | DEBUG | 生成7棵树: [(1, 0), (0, 4), (4, 1), (4, 3), (2, 2), (0, 2), (2, 4)]
2025-03-31 10:34:50 | INFO | 日志系统初始化完成
2025-03-31 10:34:51 | SUCCESS | UI系统初始化完成
2025-03-31 10:34:51 | DEBUG | 生成7棵树: [(2, 2), (0, 0), (4, 3), (2, 4), (2, 0), (0, 3), (4, 1)]
2025-03-31 10:49:10 | INFO | 日志系统初始化完成
2025-03-31 10:49:11 | SUCCESS | UI系统初始化完成
2025-03-31 10:49:11 | ERROR | Validation failed: Incorrect tree count
2025-03-31 10:49:11 | WARNING | Attempt 1: Generated invalid layout
2025-03-31 10:49:11 | ERROR | Validation failed: Tent count mismatch
2025-03-31 10:49:11 | WARNING | Attempt 2: Generated invalid layout
2025-03-31 10:49:11 | ERROR | Validation failed: Incorrect tree count
2025-03-31 10:49:11 | WARNING | Attempt 3: Generated invalid layout
